0 verbose cli /home/marcel/.nvm/versions/node/v24.11.0/bin/node /home/marcel/.nvm/versions/node/v24.11.0/bin/npm
1 info using npm@11.6.1
2 info using node@v24.11.0
3 silly config load:file:/home/marcel/.nvm/versions/node/v24.11.0/lib/node_modules/npm/npmrc
4 silly config load:file:/home/marcel/src/projektbezkodu/.npmrc
5 silly config load:file:/home/marcel/.npmrc
6 silly config load:file:/home/marcel/.nvm/versions/node/v24.11.0/etc/npmrc
7 verbose title npm install
8 verbose argv "install" "--cache" ".npm-cache"
9 verbose logfile logs-max:10 dir:/home/marcel/src/projektbezkodu/.npm-cache/_logs/2025-11-13T12_58_34_864Z-
10 verbose logfile /home/marcel/src/projektbezkodu/.npm-cache/_logs/2025-11-13T12_58_34_864Z-debug-0.log
11 silly logfile done cleaning log files
12 silly packumentCache heap:4496293888 maxSize:1124073472 maxEntrySize:562036736
13 silly idealTree buildDeps
14 silly fetch manifest remark-gfm@^4.0.0
15 silly packumentCache full:https://registry.npmjs.org/remark-gfm cache-miss
16 http cache https://registry.npmjs.org/remark-gfm 117ms (cache hit)
17 silly packumentCache full:https://registry.npmjs.org/remark-gfm set size:38012 disposed:false
18 silly fetch manifest remark-parse@^11.0.0
19 silly packumentCache full:https://registry.npmjs.org/remark-parse cache-miss
20 http cache https://registry.npmjs.org/remark-parse 5ms (cache hit)
21 silly packumentCache full:https://registry.npmjs.org/remark-parse set size:109831 disposed:false
22 silly fetch manifest unified@^11.0.5
23 silly packumentCache full:https://registry.npmjs.org/unified cache-miss
24 http cache https://registry.npmjs.org/unified 5ms (cache hit)
25 silly packumentCache full:https://registry.npmjs.org/unified set size:321787 disposed:false
26 silly fetch manifest unist-util-visit@^5.0.0
27 silly packumentCache full:https://registry.npmjs.org/unist-util-visit cache-miss
28 http cache https://registry.npmjs.org/unist-util-visit 4ms (cache hit)
29 silly packumentCache full:https://registry.npmjs.org/unist-util-visit set size:87682 disposed:false
30 silly fetch manifest @types/mdast@^4.0.3
31 silly packumentCache full:https://registry.npmjs.org/@types%2fmdast cache-miss
32 http cache https://registry.npmjs.org/@types%2fmdast 4ms (cache hit)
33 silly packumentCache full:https://registry.npmjs.org/@types%2fmdast set size:47479 disposed:false
34 silly placeDep ROOT @types/mdast@4.0.4 OK for: projektbezkodu@0.1.0 want: ^4.0.3
35 silly placeDep ROOT remark-gfm@4.0.1 OK for: projektbezkodu@0.1.0 want: ^4.0.0
36 silly placeDep ROOT remark-parse@11.0.0 OK for: projektbezkodu@0.1.0 want: ^11.0.0
37 silly placeDep ROOT unified@11.0.5 OK for: projektbezkodu@0.1.0 want: ^11.0.5
38 silly placeDep ROOT unist-util-visit@5.0.0 OK for: projektbezkodu@0.1.0 want: ^5.0.0
39 silly fetch manifest @types/unist@*
40 silly packumentCache full:https://registry.npmjs.org/@types%2funist cache-miss
41 silly fetch manifest mdast-util-gfm@^3.0.0
42 silly packumentCache full:https://registry.npmjs.org/mdast-util-gfm cache-miss
43 silly fetch manifest micromark-extension-gfm@^3.0.0
44 silly packumentCache full:https://registry.npmjs.org/micromark-extension-gfm cache-miss
45 silly fetch manifest remark-stringify@^11.0.0
46 silly packumentCache full:https://registry.npmjs.org/remark-stringify cache-miss
47 silly fetch manifest unified@^11.0.0
48 silly packumentCache full:https://registry.npmjs.org/unified cache-hit
49 silly fetch manifest mdast-util-from-markdown@^2.0.0
50 silly packumentCache full:https://registry.npmjs.org/mdast-util-from-markdown cache-miss
51 silly fetch manifest micromark-util-types@^2.0.0
52 silly packumentCache full:https://registry.npmjs.org/micromark-util-types cache-miss
53 silly fetch manifest unified@^11.0.0
54 silly packumentCache full:https://registry.npmjs.org/unified cache-hit
55 silly fetch manifest @types/unist@^3.0.0
56 silly packumentCache full:https://registry.npmjs.org/@types%2funist cache-miss
57 silly fetch manifest bail@^2.0.0
58 silly packumentCache full:https://registry.npmjs.org/bail cache-miss
59 silly fetch manifest devlop@^1.0.0
60 silly packumentCache full:https://registry.npmjs.org/devlop cache-miss
61 silly fetch manifest extend@^3.0.0
62 silly packumentCache full:https://registry.npmjs.org/extend cache-miss
63 silly fetch manifest is-plain-obj@^4.0.0
64 silly packumentCache full:https://registry.npmjs.org/is-plain-obj cache-miss
65 silly fetch manifest trough@^2.0.0
66 silly packumentCache full:https://registry.npmjs.org/trough cache-miss
67 silly fetch manifest vfile@^6.0.0
68 silly packumentCache full:https://registry.npmjs.org/vfile cache-miss
69 silly fetch manifest @types/unist@^3.0.0
70 silly packumentCache full:https://registry.npmjs.org/@types%2funist cache-miss
71 silly fetch manifest unist-util-is@^6.0.0
72 silly packumentCache full:https://registry.npmjs.org/unist-util-is cache-miss
73 silly fetch manifest unist-util-visit-parents@^6.0.0
74 silly packumentCache full:https://registry.npmjs.org/unist-util-visit-parents cache-miss
75 http cache https://registry.npmjs.org/@types%2funist 49ms (cache hit)
76 silly packumentCache full:https://registry.npmjs.org/@types%2funist set size:39215 disposed:false
77 http cache https://registry.npmjs.org/mdast-util-from-markdown 49ms (cache hit)
78 silly packumentCache full:https://registry.npmjs.org/mdast-util-from-markdown set size:145826 disposed:false
79 http cache https://registry.npmjs.org/devlop 50ms (cache hit)
80 silly packumentCache full:https://registry.npmjs.org/devlop set size:16868 disposed:false
81 http cache https://registry.npmjs.org/micromark-util-types 52ms (cache hit)
82 silly packumentCache full:https://registry.npmjs.org/micromark-util-types set size:32498 disposed:false
83 http cache https://registry.npmjs.org/bail 52ms (cache hit)
84 silly packumentCache full:https://registry.npmjs.org/bail set size:30511 disposed:false
85 http cache https://registry.npmjs.org/extend 52ms (cache hit)
86 silly packumentCache full:https://registry.npmjs.org/extend set size:25974 disposed:false
87 http cache https://registry.npmjs.org/trough 52ms (cache hit)
88 silly packumentCache full:https://registry.npmjs.org/trough set size:46749 disposed:false
89 http cache https://registry.npmjs.org/vfile 53ms (cache hit)
90 silly packumentCache full:https://registry.npmjs.org/vfile set size:172678 disposed:false
91 http cache https://registry.npmjs.org/is-plain-obj 56ms (cache hit)
92 silly packumentCache full:https://registry.npmjs.org/is-plain-obj set size:17899 disposed:false
93 http cache https://registry.npmjs.org/@types%2funist 56ms (cache hit)
94 silly packumentCache full:https://registry.npmjs.org/@types%2funist set size:39215 disposed:false
95 silly packumentCache full:https://registry.npmjs.org/@types%2funist dispose
96 http cache https://registry.npmjs.org/unist-util-is 57ms (cache hit)
97 silly packumentCache full:https://registry.npmjs.org/unist-util-is set size:79350 disposed:false
98 http cache https://registry.npmjs.org/@types%2funist 61ms (cache hit)
99 silly packumentCache full:https://registry.npmjs.org/@types%2funist set size:39215 disposed:true
100 silly packumentCache full:https://registry.npmjs.org/@types%2funist dispose
101 http cache https://registry.npmjs.org/unist-util-visit-parents 64ms (cache hit)
102 silly packumentCache full:https://registry.npmjs.org/unist-util-visit-parents set size:103476 disposed:false
103 http fetch GET 200 https://registry.npmjs.org/micromark-extension-gfm 241ms (cache miss)
104 silly packumentCache full:https://registry.npmjs.org/micromark-extension-gfm set size:undefined disposed:false
105 http fetch GET 200 https://registry.npmjs.org/remark-stringify 244ms (cache miss)
106 silly packumentCache full:https://registry.npmjs.org/remark-stringify set size:undefined disposed:false
107 http fetch GET 200 https://registry.npmjs.org/mdast-util-gfm 259ms (cache miss)
108 silly packumentCache full:https://registry.npmjs.org/mdast-util-gfm set size:undefined disposed:false
109 silly placeDep ROOT @types/unist@3.0.3 OK for: @types/mdast@4.0.4 want: *
110 silly placeDep ROOT mdast-util-gfm@3.1.0 OK for: remark-gfm@4.0.1 want: ^3.0.0
111 silly placeDep ROOT micromark-extension-gfm@3.0.0 OK for: remark-gfm@4.0.1 want: ^3.0.0
112 silly placeDep ROOT remark-stringify@11.0.0 OK for: remark-gfm@4.0.1 want: ^11.0.0
113 silly fetch manifest mdast-util-gfm-autolink-literal@^2.0.0
114 silly packumentCache full:https://registry.npmjs.org/mdast-util-gfm-autolink-literal cache-miss
115 silly fetch manifest mdast-util-gfm-footnote@^2.0.0
116 silly packumentCache full:https://registry.npmjs.org/mdast-util-gfm-footnote cache-miss
117 silly fetch manifest mdast-util-gfm-strikethrough@^2.0.0
118 silly packumentCache full:https://registry.npmjs.org/mdast-util-gfm-strikethrough cache-miss
119 silly fetch manifest mdast-util-gfm-table@^2.0.0
120 silly packumentCache full:https://registry.npmjs.org/mdast-util-gfm-table cache-miss
121 silly fetch manifest mdast-util-gfm-task-list-item@^2.0.0
122 silly packumentCache full:https://registry.npmjs.org/mdast-util-gfm-task-list-item cache-miss
123 silly fetch manifest mdast-util-to-markdown@^2.0.0
124 silly packumentCache full:https://registry.npmjs.org/mdast-util-to-markdown cache-miss
125 silly fetch manifest micromark-extension-gfm-autolink-literal@^2.0.0
126 silly packumentCache full:https://registry.npmjs.org/micromark-extension-gfm-autolink-literal cache-miss
127 silly fetch manifest micromark-extension-gfm-footnote@^2.0.0
128 silly packumentCache full:https://registry.npmjs.org/micromark-extension-gfm-footnote cache-miss
129 silly fetch manifest micromark-extension-gfm-strikethrough@^2.0.0
130 silly packumentCache full:https://registry.npmjs.org/micromark-extension-gfm-strikethrough cache-miss
131 silly fetch manifest micromark-extension-gfm-table@^2.0.0
132 silly packumentCache full:https://registry.npmjs.org/micromark-extension-gfm-table cache-miss
133 silly fetch manifest micromark-extension-gfm-tagfilter@^2.0.0
134 silly packumentCache full:https://registry.npmjs.org/micromark-extension-gfm-tagfilter cache-miss
135 silly fetch manifest micromark-extension-gfm-task-list-item@^2.0.0
136 silly packumentCache full:https://registry.npmjs.org/micromark-extension-gfm-task-list-item cache-miss
137 silly fetch manifest micromark-util-combine-extensions@^2.0.0
138 silly packumentCache full:https://registry.npmjs.org/micromark-util-combine-extensions cache-miss
139 silly fetch manifest mdast-util-to-markdown@^2.0.0
140 silly packumentCache full:https://registry.npmjs.org/mdast-util-to-markdown cache-miss
141 http cache https://registry.npmjs.org/micromark-util-combine-extensions 21ms (cache hit)
142 silly packumentCache full:https://registry.npmjs.org/micromark-util-combine-extensions set size:28242 disposed:false
143 http fetch GET 200 https://registry.npmjs.org/mdast-util-gfm-footnote 71ms (cache miss)
144 silly packumentCache full:https://registry.npmjs.org/mdast-util-gfm-footnote set size:undefined disposed:false
145 http fetch GET 200 https://registry.npmjs.org/mdast-util-gfm-strikethrough 77ms (cache miss)
146 silly packumentCache full:https://registry.npmjs.org/mdast-util-gfm-strikethrough set size:undefined disposed:false
147 http fetch GET 200 https://registry.npmjs.org/mdast-util-gfm-autolink-literal 81ms (cache miss)
148 silly packumentCache full:https://registry.npmjs.org/mdast-util-gfm-autolink-literal set size:undefined disposed:false
149 http fetch GET 200 https://registry.npmjs.org/mdast-util-gfm-task-list-item 211ms (cache miss)
150 silly packumentCache full:https://registry.npmjs.org/mdast-util-gfm-task-list-item set size:undefined disposed:false
151 http fetch GET 200 https://registry.npmjs.org/micromark-extension-gfm-autolink-literal 212ms (cache miss)
152 silly packumentCache full:https://registry.npmjs.org/micromark-extension-gfm-autolink-literal set size:undefined disposed:false
153 http fetch GET 200 https://registry.npmjs.org/mdast-util-gfm-table 215ms (cache miss)
154 silly packumentCache full:https://registry.npmjs.org/mdast-util-gfm-table set size:undefined disposed:false
155 http fetch GET 200 https://registry.npmjs.org/micromark-extension-gfm-strikethrough 215ms (cache miss)
156 silly packumentCache full:https://registry.npmjs.org/micromark-extension-gfm-strikethrough set size:undefined disposed:false
157 http fetch GET 200 https://registry.npmjs.org/micromark-extension-gfm-table 220ms (cache miss)
158 silly packumentCache full:https://registry.npmjs.org/micromark-extension-gfm-table set size:undefined disposed:false
159 http fetch GET 200 https://registry.npmjs.org/micromark-extension-gfm-tagfilter 227ms (cache miss)
160 silly packumentCache full:https://registry.npmjs.org/micromark-extension-gfm-tagfilter set size:undefined disposed:false
161 http fetch GET 200 https://registry.npmjs.org/mdast-util-to-markdown 230ms (cache miss)
162 silly packumentCache full:https://registry.npmjs.org/mdast-util-to-markdown set size:undefined disposed:false
163 http fetch GET 200 https://registry.npmjs.org/micromark-extension-gfm-footnote 232ms (cache miss)
164 silly packumentCache full:https://registry.npmjs.org/micromark-extension-gfm-footnote set size:undefined disposed:false
165 http fetch GET 200 https://registry.npmjs.org/mdast-util-to-markdown 237ms (cache miss)
166 silly packumentCache full:https://registry.npmjs.org/mdast-util-to-markdown set size:undefined disposed:false
167 http fetch GET 200 https://registry.npmjs.org/micromark-extension-gfm-task-list-item 239ms (cache miss)
168 silly packumentCache full:https://registry.npmjs.org/micromark-extension-gfm-task-list-item set size:undefined disposed:false
169 silly placeDep ROOT mdast-util-from-markdown@2.0.2 OK for: mdast-util-gfm@3.1.0 want: ^2.0.0
170 silly placeDep ROOT mdast-util-gfm-autolink-literal@2.0.1 OK for: mdast-util-gfm@3.1.0 want: ^2.0.0
171 silly placeDep ROOT mdast-util-gfm-footnote@2.1.0 OK for: mdast-util-gfm@3.1.0 want: ^2.0.0
172 silly placeDep ROOT mdast-util-gfm-strikethrough@2.0.0 OK for: mdast-util-gfm@3.1.0 want: ^2.0.0
173 silly placeDep ROOT mdast-util-gfm-table@2.0.0 OK for: mdast-util-gfm@3.1.0 want: ^2.0.0
174 silly placeDep ROOT mdast-util-gfm-task-list-item@2.0.0 OK for: mdast-util-gfm@3.1.0 want: ^2.0.0
175 silly placeDep ROOT mdast-util-to-markdown@2.1.2 OK for: mdast-util-gfm@3.1.0 want: ^2.0.0
176 silly fetch manifest decode-named-character-reference@^1.0.0
177 silly packumentCache full:https://registry.npmjs.org/decode-named-character-reference cache-miss
178 silly fetch manifest mdast-util-to-string@^4.0.0
179 silly packumentCache full:https://registry.npmjs.org/mdast-util-to-string cache-miss
180 silly fetch manifest micromark@^4.0.0
181 silly packumentCache full:https://registry.npmjs.org/micromark cache-miss
182 silly fetch manifest micromark-util-decode-numeric-character-reference@^2.0.0
183 silly packumentCache full:https://registry.npmjs.org/micromark-util-decode-numeric-character-reference cache-miss
184 silly fetch manifest micromark-util-decode-string@^2.0.0
185 silly packumentCache full:https://registry.npmjs.org/micromark-util-decode-string cache-miss
186 silly fetch manifest micromark-util-normalize-identifier@^2.0.0
187 silly packumentCache full:https://registry.npmjs.org/micromark-util-normalize-identifier cache-miss
188 silly fetch manifest micromark-util-symbol@^2.0.0
189 silly packumentCache full:https://registry.npmjs.org/micromark-util-symbol cache-miss
190 silly fetch manifest unist-util-stringify-position@^4.0.0
191 silly packumentCache full:https://registry.npmjs.org/unist-util-stringify-position cache-miss
192 silly fetch manifest ccount@^2.0.0
193 silly packumentCache full:https://registry.npmjs.org/ccount cache-miss
194 silly fetch manifest mdast-util-find-and-replace@^3.0.0
195 silly packumentCache full:https://registry.npmjs.org/mdast-util-find-and-replace cache-miss
196 silly fetch manifest micromark-util-character@^2.0.0
197 silly packumentCache full:https://registry.npmjs.org/micromark-util-character cache-miss
198 silly fetch manifest devlop@^1.1.0
199 silly packumentCache full:https://registry.npmjs.org/devlop cache-hit
200 silly fetch manifest micromark-util-normalize-identifier@^2.0.0
201 silly packumentCache full:https://registry.npmjs.org/micromark-util-normalize-identifier cache-miss
202 silly fetch manifest markdown-table@^3.0.0
203 silly packumentCache full:https://registry.npmjs.org/markdown-table cache-miss
204 silly fetch manifest longest-streak@^3.0.0
205 silly packumentCache full:https://registry.npmjs.org/longest-streak cache-miss
206 silly fetch manifest mdast-util-phrasing@^4.0.0
207 silly packumentCache full:https://registry.npmjs.org/mdast-util-phrasing cache-miss
208 silly fetch manifest mdast-util-to-string@^4.0.0
209 silly packumentCache full:https://registry.npmjs.org/mdast-util-to-string cache-miss
210 silly fetch manifest micromark-util-classify-character@^2.0.0
211 silly packumentCache full:https://registry.npmjs.org/micromark-util-classify-character cache-miss
212 silly fetch manifest micromark-util-decode-string@^2.0.0
213 silly packumentCache full:https://registry.npmjs.org/micromark-util-decode-string cache-miss
214 silly fetch manifest zwitch@^2.0.0
215 silly packumentCache full:https://registry.npmjs.org/zwitch cache-miss
216 http cache https://registry.npmjs.org/micromark-util-decode-numeric-character-reference 24ms (cache hit)
217 silly packumentCache full:https://registry.npmjs.org/micromark-util-decode-numeric-character-reference set size:21696 disposed:false
218 http cache https://registry.npmjs.org/decode-named-character-reference 26ms (cache hit)
219 silly packumentCache full:https://registry.npmjs.org/decode-named-character-reference set size:21840 disposed:false
220 http cache https://registry.npmjs.org/micromark-util-normalize-identifier 26ms (cache hit)
221 silly packumentCache full:https://registry.npmjs.org/micromark-util-normalize-identifier set size:28578 disposed:false
222 http cache https://registry.npmjs.org/micromark-util-decode-string 26ms (cache hit)
223 silly packumentCache full:https://registry.npmjs.org/micromark-util-decode-string set size:20340 disposed:false
224 http cache https://registry.npmjs.org/mdast-util-to-string 28ms (cache hit)
225 silly packumentCache full:https://registry.npmjs.org/mdast-util-to-string set size:60380 disposed:false
226 http cache https://registry.npmjs.org/unist-util-stringify-position 27ms (cache hit)
227 silly packumentCache full:https://registry.npmjs.org/unist-util-stringify-position set size:52357 disposed:false
228 http cache https://registry.npmjs.org/micromark-util-character 27ms (cache hit)
229 silly packumentCache full:https://registry.npmjs.org/micromark-util-character set size:41720 disposed:false
230 http cache https://registry.npmjs.org/micromark 33ms (cache hit)
231 silly packumentCache full:https://registry.npmjs.org/micromark set size:218079 disposed:false
232 http cache https://registry.npmjs.org/micromark-util-symbol 33ms (cache hit)
233 silly packumentCache full:https://registry.npmjs.org/micromark-util-symbol set size:29566 disposed:false
234 http cache https://registry.npmjs.org/micromark-util-classify-character 29ms (cache hit)
235 silly packumentCache full:https://registry.npmjs.org/micromark-util-classify-character set size:29135 disposed:false
236 http cache https://registry.npmjs.org/mdast-util-to-string 30ms (cache hit)
237 silly packumentCache full:https://registry.npmjs.org/mdast-util-to-string set size:60380 disposed:false
238 silly packumentCache full:https://registry.npmjs.org/mdast-util-to-string dispose
239 http cache https://registry.npmjs.org/micromark-util-normalize-identifier 35ms (cache hit)
240 silly packumentCache full:https://registry.npmjs.org/micromark-util-normalize-identifier set size:28578 disposed:false
241 silly packumentCache full:https://registry.npmjs.org/micromark-util-normalize-identifier dispose
242 http cache https://registry.npmjs.org/micromark-util-decode-string 32ms (cache hit)
243 silly packumentCache full:https://registry.npmjs.org/micromark-util-decode-string set size:20340 disposed:false
244 silly packumentCache full:https://registry.npmjs.org/micromark-util-decode-string dispose
245 http fetch GET 200 https://registry.npmjs.org/mdast-util-find-and-replace 72ms (cache miss)
246 silly packumentCache full:https://registry.npmjs.org/mdast-util-find-and-replace set size:undefined disposed:false
247 http fetch GET 200 https://registry.npmjs.org/zwitch 69ms (cache miss)
248 silly packumentCache full:https://registry.npmjs.org/zwitch set size:undefined disposed:false
249 http fetch GET 200 https://registry.npmjs.org/mdast-util-phrasing 73ms (cache miss)
250 silly packumentCache full:https://registry.npmjs.org/mdast-util-phrasing set size:undefined disposed:false
251 http fetch GET 200 https://registry.npmjs.org/markdown-table 77ms (cache miss)
252 silly packumentCache full:https://registry.npmjs.org/markdown-table set size:undefined disposed:false
253 http fetch GET 200 https://registry.npmjs.org/ccount 85ms (cache miss)
254 silly packumentCache full:https://registry.npmjs.org/ccount set size:undefined disposed:false
255 http fetch GET 200 https://registry.npmjs.org/longest-streak 106ms (cache miss)
256 silly packumentCache full:https://registry.npmjs.org/longest-streak set size:undefined disposed:false
257 silly placeDep ROOT decode-named-character-reference@1.2.0 OK for: mdast-util-from-markdown@2.0.2 want: ^1.0.0
258 silly placeDep ROOT devlop@1.1.0 OK for: mdast-util-from-markdown@2.0.2 want: ^1.0.0
259 silly placeDep ROOT mdast-util-to-string@4.0.0 OK for: mdast-util-from-markdown@2.0.2 want: ^4.0.0
260 silly placeDep ROOT micromark@4.0.2 OK for: mdast-util-from-markdown@2.0.2 want: ^4.0.0
261 silly placeDep ROOT micromark-util-decode-numeric-character-reference@2.0.2 OK for: mdast-util-from-markdown@2.0.2 want: ^2.0.0
262 silly placeDep ROOT micromark-util-decode-string@2.0.1 OK for: mdast-util-from-markdown@2.0.2 want: ^2.0.0
263 silly placeDep ROOT micromark-util-normalize-identifier@2.0.1 OK for: mdast-util-from-markdown@2.0.2 want: ^2.0.0
264 silly placeDep ROOT micromark-util-symbol@2.0.1 OK for: mdast-util-from-markdown@2.0.2 want: ^2.0.0
265 silly placeDep ROOT micromark-util-types@2.0.2 OK for: mdast-util-from-markdown@2.0.2 want: ^2.0.0
266 silly placeDep ROOT unist-util-stringify-position@4.0.0 OK for: mdast-util-from-markdown@2.0.2 want: ^4.0.0
267 silly fetch manifest character-entities@^2.0.0
268 silly packumentCache full:https://registry.npmjs.org/character-entities cache-miss
269 silly fetch manifest dequal@^2.0.0
270 silly packumentCache full:https://registry.npmjs.org/dequal cache-miss
271 silly fetch manifest @types/debug@^4.0.0
272 silly packumentCache full:https://registry.npmjs.org/@types%2fdebug cache-miss
273 silly fetch manifest micromark-core-commonmark@^2.0.0
274 silly packumentCache full:https://registry.npmjs.org/micromark-core-commonmark cache-miss
275 silly fetch manifest micromark-factory-space@^2.0.0
276 silly packumentCache full:https://registry.npmjs.org/micromark-factory-space cache-miss
277 silly fetch manifest micromark-util-chunked@^2.0.0
278 silly packumentCache full:https://registry.npmjs.org/micromark-util-chunked cache-miss
279 silly fetch manifest micromark-util-encode@^2.0.0
280 silly packumentCache full:https://registry.npmjs.org/micromark-util-encode cache-miss
281 silly fetch manifest micromark-util-resolve-all@^2.0.0
282 silly packumentCache full:https://registry.npmjs.org/micromark-util-resolve-all cache-miss
283 silly fetch manifest micromark-util-sanitize-uri@^2.0.0
284 silly packumentCache full:https://registry.npmjs.org/micromark-util-sanitize-uri cache-miss
285 silly fetch manifest micromark-util-subtokenize@^2.0.0
286 silly packumentCache full:https://registry.npmjs.org/micromark-util-subtokenize cache-miss
287 http cache https://registry.npmjs.org/character-entities 14ms (cache hit)
288 silly packumentCache full:https://registry.npmjs.org/character-entities set size:36394 disposed:false
289 http cache https://registry.npmjs.org/micromark-util-encode 15ms (cache hit)
290 silly packumentCache full:https://registry.npmjs.org/micromark-util-encode set size:28579 disposed:false
291 http cache https://registry.npmjs.org/@types%2fdebug 16ms (cache hit)
292 silly packumentCache full:https://registry.npmjs.org/@types%2fdebug set size:51351 disposed:false
293 http cache https://registry.npmjs.org/micromark-util-chunked 16ms (cache hit)
294 silly packumentCache full:https://registry.npmjs.org/micromark-util-chunked set size:28101 disposed:false
295 http cache https://registry.npmjs.org/micromark-util-sanitize-uri 16ms (cache hit)
296 silly packumentCache full:https://registry.npmjs.org/micromark-util-sanitize-uri set size:32376 disposed:false
297 http cache https://registry.npmjs.org/micromark-core-commonmark 18ms (cache hit)
298 silly packumentCache full:https://registry.npmjs.org/micromark-core-commonmark set size:55807 disposed:false
299 http cache https://registry.npmjs.org/micromark-util-subtokenize 18ms (cache hit)
300 silly packumentCache full:https://registry.npmjs.org/micromark-util-subtokenize set size:41632 disposed:false
301 http cache https://registry.npmjs.org/micromark-factory-space 19ms (cache hit)
302 silly packumentCache full:https://registry.npmjs.org/micromark-factory-space set size:28447 disposed:false
303 http cache https://registry.npmjs.org/dequal 21ms (cache hit)
304 silly packumentCache full:https://registry.npmjs.org/dequal set size:24037 disposed:false
305 http cache https://registry.npmjs.org/micromark-util-resolve-all 20ms (cache hit)
306 silly packumentCache full:https://registry.npmjs.org/micromark-util-resolve-all set size:27928 disposed:false
307 silly placeDep ROOT character-entities@2.0.2 OK for: decode-named-character-reference@1.2.0 want: ^2.0.0
308 silly placeDep ROOT dequal@2.0.3 OK for: devlop@1.1.0 want: ^2.0.0
309 silly placeDep ROOT ccount@2.0.1 OK for: mdast-util-gfm-autolink-literal@2.0.1 want: ^2.0.0
310 silly placeDep ROOT mdast-util-find-and-replace@3.0.2 OK for: mdast-util-gfm-autolink-literal@2.0.1 want: ^3.0.0
311 silly placeDep ROOT micromark-util-character@2.1.1 OK for: mdast-util-gfm-autolink-literal@2.0.1 want: ^2.0.0
312 silly fetch manifest escape-string-regexp@^5.0.0
313 silly packumentCache full:https://registry.npmjs.org/escape-string-regexp cache-miss
314 http fetch GET 200 https://registry.npmjs.org/escape-string-regexp 66ms (cache miss)
315 silly packumentCache full:https://registry.npmjs.org/escape-string-regexp set size:undefined disposed:false
316 silly placeDep node_modules/mdast-util-find-and-replace escape-string-regexp@5.0.0 OK for: mdast-util-find-and-replace@3.0.2 want: ^5.0.0
317 silly placeDep ROOT unist-util-is@6.0.1 OK for: mdast-util-find-and-replace@3.0.2 want: ^6.0.0
318 silly placeDep ROOT unist-util-visit-parents@6.0.2 OK for: mdast-util-find-and-replace@3.0.2 want: ^6.0.0
319 silly placeDep ROOT markdown-table@3.0.4 OK for: mdast-util-gfm-table@2.0.0 want: ^3.0.0
320 silly placeDep ROOT longest-streak@3.1.0 OK for: mdast-util-to-markdown@2.1.2 want: ^3.0.0
321 silly placeDep ROOT mdast-util-phrasing@4.1.0 OK for: mdast-util-to-markdown@2.1.2 want: ^4.0.0
322 silly placeDep ROOT micromark-util-classify-character@2.0.1 OK for: mdast-util-to-markdown@2.1.2 want: ^2.0.0
323 silly placeDep ROOT zwitch@2.0.4 OK for: mdast-util-to-markdown@2.1.2 want: ^2.0.0
324 silly placeDep ROOT @types/debug@4.1.12 OK for: micromark@4.0.2 want: ^4.0.0
325 silly placeDep ROOT micromark-core-commonmark@2.0.3 OK for: micromark@4.0.2 want: ^2.0.0
326 silly placeDep ROOT micromark-factory-space@2.0.1 OK for: micromark@4.0.2 want: ^2.0.0
327 silly placeDep ROOT micromark-util-chunked@2.0.1 OK for: micromark@4.0.2 want: ^2.0.0
328 silly placeDep ROOT micromark-util-combine-extensions@2.0.1 OK for: micromark@4.0.2 want: ^2.0.0
329 silly placeDep ROOT micromark-util-encode@2.0.1 OK for: micromark@4.0.2 want: ^2.0.0
330 silly placeDep ROOT micromark-util-resolve-all@2.0.1 OK for: micromark@4.0.2 want: ^2.0.0
331 silly placeDep ROOT micromark-util-sanitize-uri@2.0.1 OK for: micromark@4.0.2 want: ^2.0.0
332 silly placeDep ROOT micromark-util-subtokenize@2.1.0 OK for: micromark@4.0.2 want: ^2.0.0
333 silly fetch manifest @types/ms@*
334 silly packumentCache full:https://registry.npmjs.org/@types%2fms cache-miss
335 silly fetch manifest micromark-factory-destination@^2.0.0
336 silly packumentCache full:https://registry.npmjs.org/micromark-factory-destination cache-miss
337 silly fetch manifest micromark-factory-label@^2.0.0
338 silly packumentCache full:https://registry.npmjs.org/micromark-factory-label cache-miss
339 silly fetch manifest micromark-factory-title@^2.0.0
340 silly packumentCache full:https://registry.npmjs.org/micromark-factory-title cache-miss
341 silly fetch manifest micromark-factory-whitespace@^2.0.0
342 silly packumentCache full:https://registry.npmjs.org/micromark-factory-whitespace cache-miss
343 silly fetch manifest micromark-util-html-tag-name@^2.0.0
344 silly packumentCache full:https://registry.npmjs.org/micromark-util-html-tag-name cache-miss
345 http cache https://registry.npmjs.org/@types%2fms 9ms (cache hit)
346 silly packumentCache full:https://registry.npmjs.org/@types%2fms set size:24399 disposed:false
347 http cache https://registry.npmjs.org/micromark-factory-label 10ms (cache hit)
348 silly packumentCache full:https://registry.npmjs.org/micromark-factory-label set size:33915 disposed:false
349 http cache https://registry.npmjs.org/micromark-factory-whitespace 10ms (cache hit)
350 silly packumentCache full:https://registry.npmjs.org/micromark-factory-whitespace set size:28974 disposed:false
351 http cache https://registry.npmjs.org/micromark-factory-title 10ms (cache hit)
352 silly packumentCache full:https://registry.npmjs.org/micromark-factory-title set size:34302 disposed:false
353 http cache https://registry.npmjs.org/micromark-factory-destination 12ms (cache hit)
354 silly packumentCache full:https://registry.npmjs.org/micromark-factory-destination set size:29173 disposed:false
355 http cache https://registry.npmjs.org/micromark-util-html-tag-name 11ms (cache hit)
356 silly packumentCache full:https://registry.npmjs.org/micromark-util-html-tag-name set size:29833 disposed:false
357 silly placeDep ROOT @types/ms@2.1.0 OK for: @types/debug@4.1.12 want: *
358 silly placeDep ROOT micromark-factory-destination@2.0.1 OK for: micromark-core-commonmark@2.0.3 want: ^2.0.0
359 silly placeDep ROOT micromark-factory-label@2.0.1 OK for: micromark-core-commonmark@2.0.3 want: ^2.0.0
360 silly placeDep ROOT micromark-factory-title@2.0.1 OK for: micromark-core-commonmark@2.0.3 want: ^2.0.0
361 silly placeDep ROOT micromark-factory-whitespace@2.0.1 OK for: micromark-core-commonmark@2.0.3 want: ^2.0.0
362 silly placeDep ROOT micromark-util-html-tag-name@2.0.1 OK for: micromark-core-commonmark@2.0.3 want: ^2.0.0
363 silly placeDep ROOT micromark-extension-gfm-autolink-literal@2.1.0 OK for: micromark-extension-gfm@3.0.0 want: ^2.0.0
364 silly placeDep ROOT micromark-extension-gfm-footnote@2.1.0 OK for: micromark-extension-gfm@3.0.0 want: ^2.0.0
365 silly placeDep ROOT micromark-extension-gfm-strikethrough@2.1.0 OK for: micromark-extension-gfm@3.0.0 want: ^2.0.0
366 silly placeDep ROOT micromark-extension-gfm-table@2.1.1 OK for: micromark-extension-gfm@3.0.0 want: ^2.0.0
367 silly placeDep ROOT micromark-extension-gfm-tagfilter@2.0.0 OK for: micromark-extension-gfm@3.0.0 want: ^2.0.0
368 silly placeDep ROOT micromark-extension-gfm-task-list-item@2.1.0 OK for: micromark-extension-gfm@3.0.0 want: ^2.0.0
369 silly placeDep ROOT bail@2.0.2 OK for: unified@11.0.5 want: ^2.0.0
370 silly placeDep ROOT extend@3.0.2 OK for: unified@11.0.5 want: ^3.0.0
371 silly placeDep ROOT is-plain-obj@4.1.0 OK for: unified@11.0.5 want: ^4.0.0
372 silly placeDep ROOT trough@2.2.0 OK for: unified@11.0.5 want: ^2.0.0
373 silly placeDep ROOT vfile@6.0.3 OK for: unified@11.0.5 want: ^6.0.0
374 silly fetch manifest vfile-message@^4.0.0
375 silly packumentCache full:https://registry.npmjs.org/vfile-message cache-miss
376 http cache https://registry.npmjs.org/vfile-message 3ms (cache hit)
377 silly packumentCache full:https://registry.npmjs.org/vfile-message set size:81663 disposed:false
378 silly placeDep ROOT vfile-message@4.0.3 OK for: vfile@6.0.3 want: ^4.0.0
379 silly reify moves {}
380 silly audit bulk request {
380 silly audit   '@alloc/quick-lru': [ '5.2.0' ],
380 silly audit   '@babel/code-frame': [ '7.27.1' ],
380 silly audit   '@babel/compat-data': [ '7.28.5' ],
380 silly audit   '@babel/core': [ '7.28.5' ],
380 silly audit   '@babel/eslint-parser': [ '7.28.5' ],
380 silly audit   'eslint-visitor-keys': [ '2.1.0', '3.4.3', '4.2.1' ],
380 silly audit   '@babel/generator': [ '7.28.5' ],
380 silly audit   '@babel/helper-compilation-targets': [ '7.27.2' ],
380 silly audit   '@babel/helper-globals': [ '7.28.0' ],
380 silly audit   '@babel/helper-module-imports': [ '7.27.1' ],
380 silly audit   '@babel/helper-module-transforms': [ '7.28.3' ],
380 silly audit   '@babel/helper-string-parser': [ '7.27.1' ],
380 silly audit   '@babel/helper-validator-identifier': [ '7.28.5' ],
380 silly audit   '@babel/helper-validator-option': [ '7.27.1' ],
380 silly audit   '@babel/helpers': [ '7.28.4' ],
380 silly audit   '@babel/parser': [ '7.28.5' ],
380 silly audit   '@babel/template': [ '7.27.2' ],
380 silly audit   '@babel/traverse': [ '7.28.5' ],
380 silly audit   '@babel/types': [ '7.28.5' ],
380 silly audit   '@emnapi/core': [ '1.7.0' ],
380 silly audit   '@emnapi/runtime': [ '1.7.0' ],
380 silly audit   '@emnapi/wasi-threads': [ '1.1.0' ],
380 silly audit   '@eslint-community/eslint-utils': [ '4.9.0' ],
380 silly audit   '@eslint-community/regexpp': [ '4.12.2' ],
380 silly audit   '@eslint/config-array': [ '0.21.1' ],
380 silly audit   '@eslint/config-helpers': [ '0.4.2' ],
380 silly audit   '@eslint/core': [ '0.17.0' ],
380 silly audit   '@eslint/eslintrc': [ '3.3.1' ],
380 silly audit   '@eslint/js': [ '9.39.1' ],
380 silly audit   '@eslint/object-schema': [ '2.1.7' ],
380 silly audit   '@eslint/plugin-kit': [ '0.4.1' ],
380 silly audit   '@fontsource/inter': [ '5.2.8' ],
380 silly audit   '@fontsource/jetbrains-mono': [ '5.2.8' ],
380 silly audit   '@fontsource/manrope': [ '5.2.8' ],
380 silly audit   '@humanfs/core': [ '0.19.1' ],
380 silly audit   '@humanfs/node': [ '0.16.7' ],
380 silly audit   '@humanwhocodes/module-importer': [ '1.0.1' ],
380 silly audit   '@humanwhocodes/retry': [ '0.4.3' ],
380 silly audit   '@img/colour': [ '1.0.0' ],
380 silly audit   '@img/sharp-darwin-arm64': [ '0.34.4' ],
380 silly audit   '@img/sharp-darwin-x64': [ '0.34.4' ],
380 silly audit   '@img/sharp-libvips-darwin-arm64': [ '1.2.3' ],
380 silly audit   '@img/sharp-libvips-darwin-x64': [ '1.2.3' ],
380 silly audit   '@img/sharp-libvips-linux-arm': [ '1.2.3' ],
380 silly audit   '@img/sharp-libvips-linux-arm64': [ '1.2.3' ],
380 silly audit   '@img/sharp-libvips-linux-ppc64': [ '1.2.3' ],
380 silly audit   '@img/sharp-libvips-linux-s390x': [ '1.2.3' ],
380 silly audit   '@img/sharp-libvips-linux-x64': [ '1.2.3' ],
380 silly audit   '@img/sharp-libvips-linuxmusl-arm64': [ '1.2.3' ],
380 silly audit   '@img/sharp-libvips-linuxmusl-x64': [ '1.2.3' ],
380 silly audit   '@img/sharp-linux-arm': [ '0.34.4' ],
380 silly audit   '@img/sharp-linux-arm64': [ '0.34.4' ],
380 silly audit   '@img/sharp-linux-ppc64': [ '0.34.4' ],
380 silly audit   '@img/sharp-linux-s390x': [ '0.34.4' ],
380 silly audit   '@img/sharp-linux-x64': [ '0.34.4' ],
380 silly audit   '@img/sharp-linuxmusl-arm64': [ '0.34.4' ],
380 silly audit   '@img/sharp-linuxmusl-x64': [ '0.34.4' ],
380 silly audit   '@img/sharp-wasm32': [ '0.34.4' ],
380 silly audit   '@img/sharp-win32-arm64': [ '0.34.4' ],
380 silly audit   '@img/sharp-win32-ia32': [ '0.34.4' ],
380 silly audit   '@img/sharp-win32-x64': [ '0.34.4' ],
380 silly audit   '@jridgewell/gen-mapping': [ '0.3.13' ],
380 silly audit   '@jridgewell/remapping': [ '2.3.5' ],
380 silly audit   '@jridgewell/resolve-uri': [ '3.1.2' ],
380 silly audit   '@jridgewell/sourcemap-codec': [ '1.5.5' ],
380 silly audit   '@jridgewell/trace-mapping': [ '0.3.31' ],
380 silly audit   '@napi-rs/wasm-runtime': [ '0.2.12' ],
380 silly audit   '@next/env': [ '16.0.1' ],
380 silly audit   '@next/eslint-plugin-next': [ '16.0.1' ],
380 silly audit   '@next/swc-darwin-arm64': [ '16.0.1' ],
380 silly audit   '@next/swc-darwin-x64': [ '16.0.1' ],
380 silly audit   '@next/swc-linux-arm64-gnu': [ '16.0.1' ],
380 silly audit   '@next/swc-linux-arm64-musl': [ '16.0.1' ],
380 silly audit   '@next/swc-linux-x64-gnu': [ '16.0.1' ],
380 silly audit   '@next/swc-linux-x64-musl': [ '16.0.1' ],
380 silly audit   '@next/swc-win32-arm64-msvc': [ '16.0.1' ],
380 silly audit   '@next/swc-win32-x64-msvc': [ '16.0.1' ],
380 silly audit   '@nicolo-ribaudo/eslint-scope-5-internals': [ '5.1.1-v1' ],
380 silly audit   'eslint-scope': [ '5.1.1', '8.4.0' ],
380 silly audit   estraverse: [ '4.3.0', '5.3.0' ],
380 silly audit   '@nodelib/fs.scandir': [ '2.1.5' ],
380 silly audit   '@nodelib/fs.stat': [ '2.0.5' ],
380 silly audit   '@nodelib/fs.walk': [ '1.2.8' ],
380 silly audit   '@nolyfill/is-core-module': [ '1.0.39' ],
380 silly audit   '@parcel/watcher': [ '2.5.1' ],
380 silly audit   '@parcel/watcher-android-arm64': [ '2.5.1' ],
380 silly audit   '@parcel/watcher-darwin-arm64': [ '2.5.1' ],
380 silly audit   '@parcel/watcher-darwin-x64': [ '2.5.1' ],
380 silly audit   '@parcel/watcher-freebsd-x64': [ '2.5.1' ],
380 silly audit   '@parcel/watcher-linux-arm-glibc': [ '2.5.1' ],
380 silly audit   '@parcel/watcher-linux-arm-musl': [ '2.5.1' ],
380 silly audit   '@parcel/watcher-linux-arm64-glibc': [ '2.5.1' ],
380 silly audit   '@parcel/watcher-linux-arm64-musl': [ '2.5.1' ],
380 silly audit   '@parcel/watcher-linux-x64-glibc': [ '2.5.1' ],
380 silly audit   '@parcel/watcher-linux-x64-musl': [ '2.5.1' ],
380 silly audit   '@parcel/watcher-win32-arm64': [ '2.5.1' ],
380 silly audit   '@parcel/watcher-win32-ia32': [ '2.5.1' ],
380 silly audit   '@parcel/watcher-win32-x64': [ '2.5.1' ],
380 silly audit   'detect-libc': [ '1.0.3', '2.1.2' ],
380 silly audit   '@phosphor-icons/react': [ '2.1.10' ],
380 silly audit   '@rtsao/scc': [ '1.1.0' ],
380 silly audit   '@swc/helpers': [ '0.5.15' ],
380 silly audit   '@tailwindcss/node': [ '4.1.16' ],
380 silly audit   '@tailwindcss/oxide': [ '4.1.16' ],
380 silly audit   '@tailwindcss/oxide-android-arm64': [ '4.1.16' ],
380 silly audit   '@tailwindcss/oxide-darwin-arm64': [ '4.1.16' ],
380 silly audit   '@tailwindcss/oxide-darwin-x64': [ '4.1.16' ],
380 silly audit   '@tailwindcss/oxide-freebsd-x64': [ '4.1.16' ],
380 silly audit   '@tailwindcss/oxide-linux-arm-gnueabihf': [ '4.1.16' ],
380 silly audit   '@tailwindcss/oxide-linux-arm64-gnu': [ '4.1.16' ],
380 silly audit   '@tailwindcss/oxide-linux-arm64-musl': [ '4.1.16' ],
380 silly audit   '@tailwindcss/oxide-linux-x64-gnu': [ '4.1.16' ],
380 silly audit   '@tailwindcss/oxide-linux-x64-musl': [ '4.1.16' ],
380 silly audit   '@tailwindcss/oxide-wasm32-wasi': [ '4.1.16' ],
380 silly audit   '@tailwindcss/oxide-win32-arm64-msvc': [ '4.1.16' ],
380 silly audit   '@tailwindcss/oxide-win32-x64-msvc': [ '4.1.16' ],
380 silly audit   '@tailwindcss/postcss': [ '4.1.16' ],
380 silly audit   '@tybys/wasm-util': [ '0.10.1' ],
380 silly audit   '@types/estree': [ '1.0.8' ],
380 silly audit   '@types/json-schema': [ '7.0.15' ],
380 silly audit   '@types/json5': [ '0.0.29' ],
380 silly audit   '@types/node': [ '20.19.24' ],
380 silly audit   '@types/react': [ '19.2.2' ],
380 silly audit   '@types/react-dom': [ '19.2.2' ],
380 silly audit   '@typescript-eslint/eslint-plugin': [ '8.46.3' ],
380 silly audit   ignore: [ '7.0.5', '5.3.2' ],
380 silly audit   '@typescript-eslint/parser': [ '8.46.3' ],
380 silly audit   '@typescript-eslint/project-service': [ '8.46.3' ],
380 silly audit   '@typescript-eslint/scope-manager': [ '8.46.3' ],
380 silly audit   '@typescript-eslint/tsconfig-utils': [ '8.46.3' ],
380 silly audit   '@typescript-eslint/type-utils': [ '8.46.3' ],
380 silly audit   '@typescript-eslint/types': [ '8.46.3' ],
380 silly audit   '@typescript-eslint/typescript-estree': [ '8.46.3' ],
380 silly audit   'brace-expansion': [ '2.0.2', '1.1.12' ],
380 silly audit   'fast-glob': [ '3.3.3', '3.3.1' ],
380 silly audit   'glob-parent': [ '5.1.2', '6.0.2' ],
380 silly audit   minimatch: [ '9.0.5', '3.1.2' ],
380 silly audit   semver: [ '7.7.3', '6.3.1' ],
380 silly audit   '@typescript-eslint/utils': [ '8.46.3' ],
380 silly audit   '@typescript-eslint/visitor-keys': [ '8.46.3' ],
380 silly audit   '@unrs/resolver-binding-android-arm-eabi': [ '1.11.1' ],
380 silly audit   '@unrs/resolver-binding-android-arm64': [ '1.11.1' ],
380 silly audit   '@unrs/resolver-binding-darwin-arm64': [ '1.11.1' ],
380 silly audit   '@unrs/resolver-binding-darwin-x64': [ '1.11.1' ],
380 silly audit   '@unrs/resolver-binding-freebsd-x64': [ '1.11.1' ],
380 silly audit   '@unrs/resolver-binding-linux-arm-gnueabihf': [ '1.11.1' ],
380 silly audit   '@unrs/resolver-binding-linux-arm-musleabihf': [ '1.11.1' ],
380 silly audit   '@unrs/resolver-binding-linux-arm64-gnu': [ '1.11.1' ],
380 silly audit   '@unrs/resolver-binding-linux-arm64-musl': [ '1.11.1' ],
380 silly audit   '@unrs/resolver-binding-linux-ppc64-gnu': [ '1.11.1' ],
380 silly audit   '@unrs/resolver-binding-linux-riscv64-gnu': [ '1.11.1' ],
380 silly audit   '@unrs/resolver-binding-linux-riscv64-musl': [ '1.11.1' ],
380 silly audit   '@unrs/resolver-binding-linux-s390x-gnu': [ '1.11.1' ],
380 silly audit   '@unrs/resolver-binding-linux-x64-gnu': [ '1.11.1' ],
380 silly audit   '@unrs/resolver-binding-linux-x64-musl': [ '1.11.1' ],
380 silly audit   '@unrs/resolver-binding-wasm32-wasi': [ '1.11.1' ],
380 silly audit   '@unrs/resolver-binding-win32-arm64-msvc': [ '1.11.1' ],
380 silly audit   '@unrs/resolver-binding-win32-ia32-msvc': [ '1.11.1' ],
380 silly audit   '@unrs/resolver-binding-win32-x64-msvc': [ '1.11.1' ],
380 silly audit   acorn: [ '8.15.0' ],
380 silly audit   'acorn-jsx': [ '5.3.2' ],
380 silly audit   ajv: [ '6.12.6' ],
380 silly audit   'ansi-styles': [ '4.3.0' ],
380 silly audit   argparse: [ '2.0.1', '1.0.10' ],
380 silly audit   'aria-query': [ '5.3.2' ],
380 silly audit   'array-buffer-byte-length': [ '1.0.2' ],
380 silly audit   'array-includes': [ '3.1.9' ],
380 silly audit   'array.prototype.findlast': [ '1.2.5' ],
380 silly audit   'array.prototype.findlastindex': [ '1.2.6' ],
380 silly audit   'array.prototype.flat': [ '1.3.3' ],
380 silly audit   'array.prototype.flatmap': [ '1.3.3' ],
380 silly audit   'array.prototype.tosorted': [ '1.1.4' ],
380 silly audit   'arraybuffer.prototype.slice': [ '1.0.4' ],
380 silly audit   'ast-types-flow': [ '0.0.8' ],
380 silly audit   'async-function': [ '1.0.0' ],
380 silly audit   'available-typed-arrays': [ '1.0.7' ],
380 silly audit   'axe-core': [ '4.11.0' ],
380 silly audit   'axobject-query': [ '4.1.0' ],
380 silly audit   'balanced-match': [ '1.0.2' ],
380 silly audit   'baseline-browser-mapping': [ '2.8.24' ],
380 silly audit   boolbase: [ '1.0.0' ],
380 silly audit   braces: [ '3.0.3' ],
380 silly audit   browserslist: [ '4.27.0' ],
380 silly audit   'call-bind': [ '1.0.8' ],
380 silly audit   'call-bind-apply-helpers': [ '1.0.2' ],
380 silly audit   'call-bound': [ '1.0.4' ],
380 silly audit   callsites: [ '3.1.0' ],
380 silly audit   'caniuse-lite': [ '1.0.30001753' ],
380 silly audit   chalk: [ '4.1.2' ],
380 silly audit   chokidar: [ '4.0.3' ],
380 silly audit   'client-only': [ '0.0.1' ],
380 silly audit   'clone-deep': [ '4.0.1' ],
380 silly audit   'color-convert': [ '2.0.1' ],
380 silly audit   'color-name': [ '1.1.4' ],
380 silly audit   commander: [ '11.1.0' ],
380 silly audit   'concat-map': [ '0.0.1' ],
380 silly audit   'convert-source-map': [ '2.0.0' ],
380 silly audit   'cross-spawn': [ '7.0.6' ],
380 silly audit   'css-select': [ '5.2.2' ],
380 silly audit   'css-tree': [ '3.1.0', '2.2.1' ],
380 silly audit   'css-what': [ '6.2.2' ],
380 silly audit   csso: [ '5.0.5' ],
380 silly audit   'mdn-data': [ '2.0.28', '2.12.2' ],
380 silly audit   csstype: [ '3.1.3' ],
380 silly audit   'damerau-levenshtein': [ '1.0.8' ],
380 silly audit   'data-view-buffer': [ '1.0.2' ],
380 silly audit   'data-view-byte-length': [ '1.0.2' ],
380 silly audit   'data-view-byte-offset': [ '1.0.1' ],
380 silly audit   debug: [ '4.4.3', '3.2.7' ],
380 silly audit   'deep-is': [ '0.1.4' ],
380 silly audit   'define-data-property': [ '1.1.4' ],
380 silly audit   'define-properties': [ '1.2.1' ],
380 silly audit   doctrine: [ '2.1.0' ],
380 silly audit   'dom-serializer': [ '2.0.0' ],
380 silly audit   domelementtype: [ '2.3.0' ],
380 silly audit   domhandler: [ '5.0.3' ],
380 silly audit   domutils: [ '3.2.2' ],
380 silly audit   'dunder-proto': [ '1.0.1' ],
380 silly audit   'electron-to-chromium': [ '1.5.245' ],
380 silly audit   'emoji-regex': [ '9.2.2' ],
380 silly audit   'enhanced-resolve': [ '5.18.3' ],
380 silly audit   entities: [ '4.5.0' ],
380 silly audit   'es-abstract': [ '1.24.0' ],
380 silly audit   'es-define-property': [ '1.0.1' ],
380 silly audit   'es-errors': [ '1.3.0' ],
380 silly audit   'es-iterator-helpers': [ '1.2.1' ],
380 silly audit   'es-object-atoms': [ '1.1.1' ],
380 silly audit   'es-set-tostringtag': [ '2.1.0' ],
380 silly audit   'es-shim-unscopables': [ '1.1.0' ],
380 silly audit   'es-to-primitive': [ '1.3.0' ],
380 silly audit   escalade: [ '3.2.0' ],
380 silly audit   'escape-string-regexp': [ '4.0.0', '5.0.0' ],
380 silly audit   eslint: [ '9.39.1' ],
380 silly audit   'eslint-config-next': [ '16.0.1' ],
380 silly audit   globals: [ '16.4.0', '14.0.0' ],
380 silly audit   'eslint-import-resolver-node': [ '0.3.9' ],
380 silly audit   'eslint-import-resolver-typescript': [ '3.10.1' ],
380 silly audit   'eslint-module-utils': [ '2.12.1' ],
380 silly audit   'eslint-plugin-import': [ '2.32.0' ],
380 silly audit   'eslint-plugin-jsx-a11y': [ '6.10.2' ],
380 silly audit   'eslint-plugin-react': [ '7.37.5' ],
380 silly audit   'eslint-plugin-react-hooks': [ '7.0.1' ],
380 silly audit   resolve: [ '2.0.0-next.5', '1.22.11' ],
380 silly audit   espree: [ '10.4.0' ],
380 silly audit   esprima: [ '4.0.1' ],
380 silly audit   esquery: [ '1.6.0' ],
380 silly audit   esrecurse: [ '4.3.0' ],
380 silly audit   esutils: [ '2.0.3' ],
380 silly audit   'extend-shallow': [ '2.0.1' ],
380 silly audit   'fast-deep-equal': [ '3.1.3' ],
380 silly audit   'fast-json-stable-stringify': [ '2.1.0' ],
380 silly audit   'fast-levenshtein': [ '2.0.6' ],
380 silly audit   fastq: [ '1.19.1' ],
380 silly audit   'file-entry-cache': [ '8.0.0' ],
380 silly audit   'fill-range': [ '7.1.1' ],
380 silly audit   'find-up': [ '5.0.0' ],
380 silly audit   flat: [ '5.0.2' ],
380 silly audit   'flat-cache': [ '4.0.1' ],
380 silly audit   flatted: [ '3.3.3' ],
380 silly audit   'for-each': [ '0.3.5' ],
380 silly audit   'function-bind': [ '1.1.2' ],
380 silly audit   'function.prototype.name': [ '1.1.8' ],
380 silly audit   'functions-have-names': [ '1.2.3' ],
380 silly audit   'generator-function': [ '2.0.1' ],
380 silly audit   gensync: [ '1.0.0-beta.2' ],
380 silly audit   'get-intrinsic': [ '1.3.0' ],
380 silly audit   'get-proto': [ '1.0.1' ],
380 silly audit   'get-symbol-description': [ '1.1.0' ],
380 silly audit   'get-tsconfig': [ '4.13.0' ],
380 silly audit   globalthis: [ '1.0.4' ],
380 silly audit   gopd: [ '1.2.0' ],
380 silly audit   'graceful-fs': [ '4.2.11' ],
380 silly audit   graphemer: [ '1.4.0' ],
380 silly audit   'gray-matter': [ '4.0.3' ],
380 silly audit   'js-yaml': [ '3.14.1', '4.1.0' ],
380 silly audit   'has-bigints': [ '1.1.0' ],
380 silly audit   'has-flag': [ '4.0.0' ],
380 silly audit   'has-property-descriptors': [ '1.0.2' ],
380 silly audit   'has-proto': [ '1.2.0' ],
380 silly audit   'has-symbols': [ '1.1.0' ],
380 silly audit   'has-tostringtag': [ '1.0.2' ],
380 silly audit   hasown: [ '2.0.2' ],
380 silly audit   'hermes-estree': [ '0.25.1' ],
380 silly audit   'hermes-parser': [ '0.25.1' ],
380 silly audit   immutable: [ '5.1.4' ],
380 silly audit   'import-fresh': [ '3.3.1' ],
380 silly audit   imurmurhash: [ '0.1.4' ],
380 silly audit   'internal-slot': [ '1.1.0' ],
380 silly audit   'is-array-buffer': [ '3.0.5' ],
380 silly audit   'is-async-function': [ '2.1.1' ],
380 silly audit   'is-bigint': [ '1.1.0' ],
380 silly audit   'is-boolean-object': [ '1.2.2' ],
380 silly audit   'is-bun-module': [ '2.0.0' ],
380 silly audit   'is-callable': [ '1.2.7' ],
380 silly audit   'is-core-module': [ '2.16.1' ],
380 silly audit   'is-data-view': [ '1.0.2' ],
380 silly audit   'is-date-object': [ '1.1.0' ],
380 silly audit   'is-extendable': [ '0.1.1' ],
380 silly audit   'is-extglob': [ '2.1.1' ],
380 silly audit   'is-finalizationregistry': [ '1.1.1' ],
380 silly audit   'is-generator-function': [ '1.1.2' ],
380 silly audit   'is-glob': [ '4.0.3' ],
380 silly audit   'is-map': [ '2.0.3' ],
380 silly audit   'is-negative-zero': [ '2.0.3' ],
380 silly audit   'is-number': [ '7.0.0' ],
380 silly audit   'is-number-object': [ '1.1.1' ],
380 silly audit   'is-plain-object': [ '2.0.4' ],
380 silly audit   'is-regex': [ '1.2.1' ],
380 silly audit   'is-set': [ '2.0.3' ],
380 silly audit   'is-shared-array-buffer': [ '1.0.4' ],
380 silly audit   'is-string': [ '1.1.1' ],
380 silly audit   'is-symbol': [ '1.1.1' ],
380 silly audit   'is-typed-array': [ '1.1.15' ],
380 silly audit   'is-weakmap': [ '2.0.2' ],
380 silly audit   'is-weakref': [ '1.1.1' ],
380 silly audit   'is-weakset': [ '2.0.4' ],
380 silly audit   isarray: [ '2.0.5' ],
380 silly audit   isexe: [ '2.0.0' ],
380 silly audit   isobject: [ '3.0.1' ],
380 silly audit   'iterator.prototype': [ '1.1.5' ],
380 silly audit   jiti: [ '2.6.1' ],
380 silly audit   'js-tokens': [ '4.0.0' ],
380 silly audit   jsesc: [ '3.1.0' ],
380 silly audit   'json-buffer': [ '3.0.1' ],
380 silly audit   'json-schema-traverse': [ '0.4.1' ],
380 silly audit   'json-stable-stringify-without-jsonify': [ '1.0.1' ],
380 silly audit   json5: [ '2.2.3', '1.0.2' ],
380 silly audit   'jsx-ast-utils': [ '3.3.5' ],
380 silly audit   keyv: [ '4.5.4' ],
380 silly audit   'kind-of': [ '6.0.3' ],
380 silly audit   klaro: [ '0.7.19' ],
380 silly audit   'language-subtag-registry': [ '0.3.23' ],
380 silly audit   'language-tags': [ '1.0.9' ],
380 silly audit   levn: [ '0.4.1' ],
380 silly audit   lightningcss: [ '1.30.2' ],
380 silly audit   'lightningcss-android-arm64': [ '1.30.2' ],
380 silly audit   'lightningcss-darwin-arm64': [ '1.30.2' ],
380 silly audit   'lightningcss-darwin-x64': [ '1.30.2' ],
380 silly audit   'lightningcss-freebsd-x64': [ '1.30.2' ],
380 silly audit   'lightningcss-linux-arm-gnueabihf': [ '1.30.2' ],
380 silly audit   'lightningcss-linux-arm64-gnu': [ '1.30.2' ],
380 silly audit   'lightningcss-linux-arm64-musl': [ '1.30.2' ],
380 silly audit   'lightningcss-linux-x64-gnu': [ '1.30.2' ],
380 silly audit   'lightningcss-linux-x64-musl': [ '1.30.2' ],
380 silly audit   'lightningcss-win32-arm64-msvc': [ '1.30.2' ],
380 silly audit   'lightningcss-win32-x64-msvc': [ '1.30.2' ],
380 silly audit   'locate-path': [ '6.0.0' ],
380 silly audit   'lodash.merge': [ '4.6.2' ],
380 silly audit   'loose-envify': [ '1.4.0' ],
380 silly audit   'lru-cache': [ '5.1.1' ],
380 silly audit   'magic-string': [ '0.30.21' ],
380 silly audit   'math-intrinsics': [ '1.1.0' ],
380 silly audit   merge2: [ '1.4.1' ],
380 silly audit   micromatch: [ '4.0.8' ],
380 silly audit   minimist: [ '1.2.8' ],
380 silly audit   ms: [ '2.1.3' ],
380 silly audit   nanoid: [ '3.3.11' ],
380 silly audit   'napi-postinstall': [ '0.3.4' ],
380 silly audit   'natural-compare': [ '1.4.0' ],
380 silly audit   next: [ '16.0.1' ],
380 silly audit   postcss: [ '8.4.31', '8.5.6' ],
380 silly audit   'node-addon-api': [ '7.1.1' ],
380 silly audit   'node-releases': [ '2.0.27' ],
380 silly audit   nodemailer: [ '7.0.10' ],
380 silly audit   'nth-check': [ '2.1.1' ],
380 silly audit   'object-assign': [ '4.1.1' ],
380 silly audit   'object-inspect': [ '1.13.4' ],
380 silly audit   'object-keys': [ '1.1.1' ],
380 silly audit   'object.assign': [ '4.1.7' ],
380 silly audit   'object.entries': [ '1.1.9' ],
380 silly audit   'object.fromentries': [ '2.0.8' ],
380 silly audit   'object.groupby': [ '1.0.3' ],
380 silly audit   'object.values': [ '1.2.1' ],
380 silly audit   optionator: [ '0.9.4' ],
380 silly audit   'own-keys': [ '1.0.1' ],
380 silly audit   'p-limit': [ '3.1.0' ],
380 silly audit   'p-locate': [ '5.0.0' ],
380 silly audit   'parent-module': [ '1.0.1' ],
380 silly audit   'path-exists': [ '4.0.0' ],
380 silly audit   'path-key': [ '3.1.1' ],
380 silly audit   'path-parse': [ '1.0.7' ],
380 silly audit   picocolors: [ '1.1.1' ],
380 silly audit   picomatch: [ '2.3.1', '4.0.3' ],
380 silly audit   'possible-typed-array-names': [ '1.1.0' ],
380 silly audit   'prelude-ls': [ '1.2.1' ],
380 silly audit   prettier: [ '3.6.2' ],
380 silly audit   'prop-types': [ '15.8.1' ],
380 silly audit   punycode: [ '2.3.1' ],
380 silly audit   'queue-microtask': [ '1.2.3' ],
380 silly audit   react: [ '19.2.0' ],
380 silly audit   'react-dom': [ '19.2.0' ],
380 silly audit   'react-is': [ '16.13.1' ],
380 silly audit   readdirp: [ '4.1.2' ],
380 silly audit   'reflect.getprototypeof': [ '1.0.10' ],
380 silly audit   'regexp.prototype.flags': [ '1.5.4' ],
380 silly audit   'resolve-from': [ '4.0.0' ],
380 silly audit   'resolve-pkg-maps': [ '1.0.0' ],
380 silly audit   reusify: [ '1.1.0' ],
380 silly audit   'run-parallel': [ '1.2.0' ],
380 silly audit   'safe-array-concat': [ '1.1.3' ],
380 silly audit   'safe-push-apply': [ '1.0.0' ],
380 silly audit   'safe-regex-test': [ '1.1.0' ],
380 silly audit   sass: [ '1.93.3' ],
380 silly audit   sax: [ '1.4.3' ],
380 silly audit   scheduler: [ '0.27.0' ],
380 silly audit   'section-matter': [ '1.0.0' ],
380 silly audit   'set-function-length': [ '1.2.2' ],
380 silly audit   'set-function-name': [ '2.0.2' ],
380 silly audit   'set-proto': [ '1.0.0' ],
380 silly audit   'shallow-clone': [ '3.0.1' ],
380 silly audit   sharp: [ '0.34.4' ],
380 silly audit   'shebang-command': [ '2.0.0' ],
380 silly audit   'shebang-regex': [ '3.0.0' ],
380 silly audit   'side-channel': [ '1.1.0' ],
380 silly audit   'side-channel-list': [ '1.0.0' ],
380 silly audit   'side-channel-map': [ '1.0.1' ],
380 silly audit   'side-channel-weakmap': [ '1.0.2' ],
380 silly audit   'source-map-js': [ '1.2.1' ],
380 silly audit   'sprintf-js': [ '1.0.3' ],
380 silly audit   'stable-hash': [ '0.0.5' ],
380 silly audit   'stop-iteration-iterator': [ '1.1.0' ],
380 silly audit   'string.prototype.includes': [ '2.0.1' ],
380 silly audit   'string.prototype.matchall': [ '4.0.12' ],
380 silly audit   'string.prototype.repeat': [ '1.0.0' ],
380 silly audit   'string.prototype.trim': [ '1.2.10' ],
380 silly audit   'string.prototype.trimend': [ '1.0.9' ],
380 silly audit   'string.prototype.trimstart': [ '1.0.8' ],
380 silly audit   'strip-bom': [ '3.0.0' ],
380 silly audit   'strip-bom-string': [ '1.0.0' ],
380 silly audit   'strip-json-comments': [ '3.1.1' ],
380 silly audit   'styled-jsx': [ '5.1.6' ],
380 silly audit   'supports-color': [ '7.2.0' ],
380 silly audit   'supports-preserve-symlinks-flag': [ '1.0.0' ],
380 silly audit   svgo: [ '4.0.0' ],
380 silly audit   tailwindcss: [ '4.1.16' ],
380 silly audit   tapable: [ '2.3.0' ],
380 silly audit   tinyglobby: [ '0.2.15' ],
380 silly audit   fdir: [ '6.5.0' ],
380 silly audit   'to-regex-range': [ '5.0.1' ],
380 silly audit   'ts-api-utils': [ '2.1.0' ],
380 silly audit   'tsconfig-paths': [ '3.15.0' ],
380 silly audit   tslib: [ '2.8.1' ],
380 silly audit   'type-check': [ '0.4.0' ],
380 silly audit   'typed-array-buffer': [ '1.0.3' ],
380 silly audit   'typed-array-byte-length': [ '1.0.3' ],
380 silly audit   'typed-array-byte-offset': [ '1.0.4' ],
380 silly audit   'typed-array-length': [ '1.0.7' ],
380 silly audit   typescript: [ '5.9.3' ],
380 silly audit   'typescript-eslint': [ '8.46.3' ],
380 silly audit   'unbox-primitive': [ '1.1.0' ],
380 silly audit   'undici-types': [ '6.21.0' ],
380 silly audit   'unrs-resolver': [ '1.11.1' ],
380 silly audit   'update-browserslist-db': [ '1.1.4' ],
380 silly audit   'uri-js': [ '4.4.1' ],
380 silly audit   'webpack-merge': [ '5.10.0' ],
380 silly audit   which: [ '2.0.2' ],
380 silly audit   'which-boxed-primitive': [ '1.1.1' ],
380 silly audit   'which-builtin-type': [ '1.2.1' ],
380 silly audit   'which-collection': [ '1.0.2' ],
380 silly audit   'which-typed-array': [ '1.1.19' ],
380 silly audit   wildcard: [ '2.0.1' ],
380 silly audit   'word-wrap': [ '1.2.5' ],
380 silly audit   yallist: [ '3.1.1' ],
380 silly audit   'yocto-queue': [ '0.1.0' ],
380 silly audit   zod: [ '4.1.12' ],
380 silly audit   'zod-validation-error': [ '4.0.2' ],
380 silly audit   '@types/mdast': [ '4.0.4' ],
380 silly audit   'remark-gfm': [ '4.0.1' ],
380 silly audit   'remark-parse': [ '11.0.0' ],
380 silly audit   unified: [ '11.0.5' ],
380 silly audit   'unist-util-visit': [ '5.0.0' ],
380 silly audit   '@types/unist': [ '3.0.3' ],
380 silly audit   'mdast-util-gfm': [ '3.1.0' ],
380 silly audit   'micromark-extension-gfm': [ '3.0.0' ],
380 silly audit   'remark-stringify': [ '11.0.0' ],
380 silly audit   'mdast-util-from-markdown': [ '2.0.2' ],
380 silly audit   'mdast-util-gfm-autolink-literal': [ '2.0.1' ],
380 silly audit   'mdast-util-gfm-footnote': [ '2.1.0' ],
380 silly audit   'mdast-util-gfm-strikethrough': [ '2.0.0' ],
380 silly audit   'mdast-util-gfm-table': [ '2.0.0' ],
380 silly audit   'mdast-util-gfm-task-list-item': [ '2.0.0' ],
380 silly audit   'mdast-util-to-markdown': [ '2.1.2' ],
380 silly audit   'decode-named-character-reference': [ '1.2.0' ],
380 silly audit   devlop: [ '1.1.0' ],
380 silly audit   'mdast-util-to-string': [ '4.0.0' ],
380 silly audit   micromark: [ '4.0.2' ],
380 silly audit   'micromark-util-decode-numeric-character-reference': [ '2.0.2' ],
380 silly audit   'micromark-util-decode-string': [ '2.0.1' ],
380 silly audit   'micromark-util-normalize-identifier': [ '2.0.1' ],
380 silly audit   'micromark-util-symbol': [ '2.0.1' ],
380 silly audit   'micromark-util-types': [ '2.0.2' ],
380 silly audit   'unist-util-stringify-position': [ '4.0.0' ],
380 silly audit   'character-entities': [ '2.0.2' ],
380 silly audit   dequal: [ '2.0.3' ],
380 silly audit   ccount: [ '2.0.1' ],
380 silly audit   'mdast-util-find-and-replace': [ '3.0.2' ],
380 silly audit   'micromark-util-character': [ '2.1.1' ],
380 silly audit   'unist-util-is': [ '6.0.1' ],
380 silly audit   'unist-util-visit-parents': [ '6.0.2' ],
380 silly audit   'markdown-table': [ '3.0.4' ],
380 silly audit   'longest-streak': [ '3.1.0' ],
380 silly audit   'mdast-util-phrasing': [ '4.1.0' ],
380 silly audit   'micromark-util-classify-character': [ '2.0.1' ],
380 silly audit   zwitch: [ '2.0.4' ],
380 silly audit   '@types/debug': [ '4.1.12' ],
380 silly audit   'micromark-core-commonmark': [ '2.0.3' ],
380 silly audit   'micromark-factory-space': [ '2.0.1' ],
380 silly audit   'micromark-util-chunked': [ '2.0.1' ],
380 silly audit   'micromark-util-combine-extensions': [ '2.0.1' ],
380 silly audit   'micromark-util-encode': [ '2.0.1' ],
380 silly audit   'micromark-util-resolve-all': [ '2.0.1' ],
380 silly audit   'micromark-util-sanitize-uri': [ '2.0.1' ],
380 silly audit   'micromark-util-subtokenize': [ '2.1.0' ],
380 silly audit   '@types/ms': [ '2.1.0' ],
380 silly audit   'micromark-factory-destination': [ '2.0.1' ],
380 silly audit   'micromark-factory-label': [ '2.0.1' ],
380 silly audit   'micromark-factory-title': [ '2.0.1' ],
380 silly audit   'micromark-factory-whitespace': [ '2.0.1' ],
380 silly audit   'micromark-util-html-tag-name': [ '2.0.1' ],
380 silly audit   'micromark-extension-gfm-autolink-literal': [ '2.1.0' ],
380 silly audit   'micromark-extension-gfm-footnote': [ '2.1.0' ],
380 silly audit   'micromark-extension-gfm-strikethrough': [ '2.1.0' ],
380 silly audit   'micromark-extension-gfm-table': [ '2.1.1' ],
380 silly audit   'micromark-extension-gfm-tagfilter': [ '2.0.0' ],
380 silly audit   'micromark-extension-gfm-task-list-item': [ '2.1.0' ],
380 silly audit   bail: [ '2.0.2' ],
380 silly audit   extend: [ '3.0.2' ],
380 silly audit   'is-plain-obj': [ '4.1.0' ],
380 silly audit   trough: [ '2.2.0' ],
380 silly audit   vfile: [ '6.0.3' ],
380 silly audit   'vfile-message': [ '4.0.3' ]
380 silly audit }
381 http cache vfile-message@https://registry.npmjs.org/vfile-message/-/vfile-message-4.0.3.tgz 0ms (cache hit)
382 http cache vfile@https://registry.npmjs.org/vfile/-/vfile-6.0.3.tgz 0ms (cache hit)
383 http cache trough@https://registry.npmjs.org/trough/-/trough-2.2.0.tgz 0ms (cache hit)
384 http cache extend@https://registry.npmjs.org/extend/-/extend-3.0.2.tgz 0ms (cache hit)
385 http cache is-plain-obj@https://registry.npmjs.org/is-plain-obj/-/is-plain-obj-4.1.0.tgz 0ms (cache hit)
386 http cache bail@https://registry.npmjs.org/bail/-/bail-2.0.2.tgz 0ms (cache hit)
387 http cache micromark-extension-gfm-task-list-item@https://registry.npmjs.org/micromark-extension-gfm-task-list-item/-/micromark-extension-gfm-task-list-item-2.1.0.tgz 0ms (cache hit)
388 http cache micromark-extension-gfm-tagfilter@https://registry.npmjs.org/micromark-extension-gfm-tagfilter/-/micromark-extension-gfm-tagfilter-2.0.0.tgz 0ms (cache hit)
389 http cache micromark-extension-gfm-table@https://registry.npmjs.org/micromark-extension-gfm-table/-/micromark-extension-gfm-table-2.1.1.tgz 0ms (cache hit)
390 http cache micromark-extension-gfm-footnote@https://registry.npmjs.org/micromark-extension-gfm-footnote/-/micromark-extension-gfm-footnote-2.1.0.tgz 0ms (cache hit)
391 http cache micromark-extension-gfm-autolink-literal@https://registry.npmjs.org/micromark-extension-gfm-autolink-literal/-/micromark-extension-gfm-autolink-literal-2.1.0.tgz 0ms (cache hit)
392 http cache micromark-util-html-tag-name@https://registry.npmjs.org/micromark-util-html-tag-name/-/micromark-util-html-tag-name-2.0.1.tgz 0ms (cache hit)
393 http cache micromark-factory-whitespace@https://registry.npmjs.org/micromark-factory-whitespace/-/micromark-factory-whitespace-2.0.1.tgz 0ms (cache hit)
394 http cache micromark-factory-title@https://registry.npmjs.org/micromark-factory-title/-/micromark-factory-title-2.0.1.tgz 0ms (cache hit)
395 http cache micromark-factory-label@https://registry.npmjs.org/micromark-factory-label/-/micromark-factory-label-2.0.1.tgz 0ms (cache hit)
396 http cache micromark-factory-destination@https://registry.npmjs.org/micromark-factory-destination/-/micromark-factory-destination-2.0.1.tgz 0ms (cache hit)
397 http cache @types/ms@https://registry.npmjs.org/@types/ms/-/ms-2.1.0.tgz 0ms (cache hit)
398 http cache micromark-util-subtokenize@https://registry.npmjs.org/micromark-util-subtokenize/-/micromark-util-subtokenize-2.1.0.tgz 0ms (cache hit)
399 http cache micromark-util-sanitize-uri@https://registry.npmjs.org/micromark-util-sanitize-uri/-/micromark-util-sanitize-uri-2.0.1.tgz 0ms (cache hit)
400 http cache micromark-util-resolve-all@https://registry.npmjs.org/micromark-util-resolve-all/-/micromark-util-resolve-all-2.0.1.tgz 0ms (cache hit)
401 http cache micromark-util-encode@https://registry.npmjs.org/micromark-util-encode/-/micromark-util-encode-2.0.1.tgz 0ms (cache hit)
402 http cache micromark-util-combine-extensions@https://registry.npmjs.org/micromark-util-combine-extensions/-/micromark-util-combine-extensions-2.0.1.tgz 0ms (cache hit)
403 http cache micromark-util-chunked@https://registry.npmjs.org/micromark-util-chunked/-/micromark-util-chunked-2.0.1.tgz 0ms (cache hit)
404 http cache micromark-factory-space@https://registry.npmjs.org/micromark-factory-space/-/micromark-factory-space-2.0.1.tgz 0ms (cache hit)
405 http cache micromark-core-commonmark@https://registry.npmjs.org/micromark-core-commonmark/-/micromark-core-commonmark-2.0.3.tgz 0ms (cache hit)
406 http cache @types/debug@https://registry.npmjs.org/@types/debug/-/debug-4.1.12.tgz 0ms (cache hit)
407 http cache zwitch@https://registry.npmjs.org/zwitch/-/zwitch-2.0.4.tgz 0ms (cache hit)
408 http cache micromark-extension-gfm-strikethrough@https://registry.npmjs.org/micromark-extension-gfm-strikethrough/-/micromark-extension-gfm-strikethrough-2.1.0.tgz 0ms (cache hit)
409 http cache micromark-util-classify-character@https://registry.npmjs.org/micromark-util-classify-character/-/micromark-util-classify-character-2.0.1.tgz 0ms (cache hit)
410 http cache mdast-util-phrasing@https://registry.npmjs.org/mdast-util-phrasing/-/mdast-util-phrasing-4.1.0.tgz 0ms (cache hit)
411 http cache unist-util-is@https://registry.npmjs.org/unist-util-is/-/unist-util-is-6.0.1.tgz 0ms (cache hit)
412 http cache longest-streak@https://registry.npmjs.org/longest-streak/-/longest-streak-3.1.0.tgz 0ms (cache hit)
413 http cache markdown-table@https://registry.npmjs.org/markdown-table/-/markdown-table-3.0.4.tgz 0ms (cache hit)
414 http cache micromark-util-character@https://registry.npmjs.org/micromark-util-character/-/micromark-util-character-2.1.1.tgz 0ms (cache hit)
415 http cache mdast-util-find-and-replace@https://registry.npmjs.org/mdast-util-find-and-replace/-/mdast-util-find-and-replace-3.0.2.tgz 0ms (cache hit)
416 http cache ccount@https://registry.npmjs.org/ccount/-/ccount-2.0.1.tgz 0ms (cache hit)
417 http cache dequal@https://registry.npmjs.org/dequal/-/dequal-2.0.3.tgz 0ms (cache hit)
418 http cache character-entities@https://registry.npmjs.org/character-entities/-/character-entities-2.0.2.tgz 0ms (cache hit)
419 http cache unist-util-stringify-position@https://registry.npmjs.org/unist-util-stringify-position/-/unist-util-stringify-position-4.0.0.tgz 0ms (cache hit)
420 http cache micromark-util-types@https://registry.npmjs.org/micromark-util-types/-/micromark-util-types-2.0.2.tgz 0ms (cache hit)
421 http cache micromark-util-symbol@https://registry.npmjs.org/micromark-util-symbol/-/micromark-util-symbol-2.0.1.tgz 0ms (cache hit)
422 http cache micromark-util-normalize-identifier@https://registry.npmjs.org/micromark-util-normalize-identifier/-/micromark-util-normalize-identifier-2.0.1.tgz 0ms (cache hit)
423 http cache micromark-util-decode-string@https://registry.npmjs.org/micromark-util-decode-string/-/micromark-util-decode-string-2.0.1.tgz 0ms (cache hit)
424 http cache micromark-util-decode-numeric-character-reference@https://registry.npmjs.org/micromark-util-decode-numeric-character-reference/-/micromark-util-decode-numeric-character-reference-2.0.2.tgz 0ms (cache hit)
425 http cache micromark@https://registry.npmjs.org/micromark/-/micromark-4.0.2.tgz 0ms (cache hit)
426 http cache mdast-util-to-string@https://registry.npmjs.org/mdast-util-to-string/-/mdast-util-to-string-4.0.0.tgz 0ms (cache hit)
427 http cache devlop@https://registry.npmjs.org/devlop/-/devlop-1.1.0.tgz 0ms (cache hit)
428 http cache decode-named-character-reference@https://registry.npmjs.org/decode-named-character-reference/-/decode-named-character-reference-1.2.0.tgz 0ms (cache hit)
429 http cache mdast-util-to-markdown@https://registry.npmjs.org/mdast-util-to-markdown/-/mdast-util-to-markdown-2.1.2.tgz 0ms (cache hit)
430 http cache mdast-util-gfm-task-list-item@https://registry.npmjs.org/mdast-util-gfm-task-list-item/-/mdast-util-gfm-task-list-item-2.0.0.tgz 0ms (cache hit)
431 http cache mdast-util-gfm-table@https://registry.npmjs.org/mdast-util-gfm-table/-/mdast-util-gfm-table-2.0.0.tgz 0ms (cache hit)
432 http cache mdast-util-gfm-strikethrough@https://registry.npmjs.org/mdast-util-gfm-strikethrough/-/mdast-util-gfm-strikethrough-2.0.0.tgz 0ms (cache hit)
433 http cache mdast-util-gfm-footnote@https://registry.npmjs.org/mdast-util-gfm-footnote/-/mdast-util-gfm-footnote-2.1.0.tgz 0ms (cache hit)
434 http cache mdast-util-gfm-autolink-literal@https://registry.npmjs.org/mdast-util-gfm-autolink-literal/-/mdast-util-gfm-autolink-literal-2.0.1.tgz 0ms (cache hit)
435 http cache mdast-util-from-markdown@https://registry.npmjs.org/mdast-util-from-markdown/-/mdast-util-from-markdown-2.0.2.tgz 0ms (cache hit)
436 http cache remark-stringify@https://registry.npmjs.org/remark-stringify/-/remark-stringify-11.0.0.tgz 0ms (cache hit)
437 http cache micromark-extension-gfm@https://registry.npmjs.org/micromark-extension-gfm/-/micromark-extension-gfm-3.0.0.tgz 0ms (cache hit)
438 http cache mdast-util-gfm@https://registry.npmjs.org/mdast-util-gfm/-/mdast-util-gfm-3.1.0.tgz 0ms (cache hit)
439 http cache unist-util-visit-parents@https://registry.npmjs.org/unist-util-visit-parents/-/unist-util-visit-parents-6.0.2.tgz 0ms (cache hit)
440 http cache @types/unist@https://registry.npmjs.org/@types/unist/-/unist-3.0.3.tgz 0ms (cache hit)
441 http cache unified@https://registry.npmjs.org/unified/-/unified-11.0.5.tgz 0ms (cache hit)
442 http cache remark-parse@https://registry.npmjs.org/remark-parse/-/remark-parse-11.0.0.tgz 0ms (cache hit)
443 http cache remark-gfm@https://registry.npmjs.org/remark-gfm/-/remark-gfm-4.0.1.tgz 0ms (cache hit)
444 http cache unist-util-visit@https://registry.npmjs.org/unist-util-visit/-/unist-util-visit-5.0.0.tgz 0ms (cache hit)
445 http cache @types/mdast@https://registry.npmjs.org/@types/mdast/-/mdast-4.0.4.tgz 0ms (cache hit)
446 http cache escape-string-regexp@https://registry.npmjs.org/escape-string-regexp/-/escape-string-regexp-5.0.0.tgz 0ms (cache hit)
447 silly tarball no local data for vfile-message@https://registry.npmjs.org/vfile-message/-/vfile-message-4.0.3.tgz. Extracting by manifest.
448 silly tarball no local data for vfile@https://registry.npmjs.org/vfile/-/vfile-6.0.3.tgz. Extracting by manifest.
449 silly tarball no local data for trough@https://registry.npmjs.org/trough/-/trough-2.2.0.tgz. Extracting by manifest.
450 silly tarball no local data for extend@https://registry.npmjs.org/extend/-/extend-3.0.2.tgz. Extracting by manifest.
451 silly tarball no local data for is-plain-obj@https://registry.npmjs.org/is-plain-obj/-/is-plain-obj-4.1.0.tgz. Extracting by manifest.
452 silly tarball no local data for bail@https://registry.npmjs.org/bail/-/bail-2.0.2.tgz. Extracting by manifest.
453 silly tarball no local data for micromark-extension-gfm-task-list-item@https://registry.npmjs.org/micromark-extension-gfm-task-list-item/-/micromark-extension-gfm-task-list-item-2.1.0.tgz. Extracting by manifest.
454 silly tarball no local data for micromark-extension-gfm-tagfilter@https://registry.npmjs.org/micromark-extension-gfm-tagfilter/-/micromark-extension-gfm-tagfilter-2.0.0.tgz. Extracting by manifest.
455 silly tarball no local data for micromark-extension-gfm-table@https://registry.npmjs.org/micromark-extension-gfm-table/-/micromark-extension-gfm-table-2.1.1.tgz. Extracting by manifest.
456 silly tarball no local data for micromark-extension-gfm-footnote@https://registry.npmjs.org/micromark-extension-gfm-footnote/-/micromark-extension-gfm-footnote-2.1.0.tgz. Extracting by manifest.
457 silly tarball no local data for micromark-extension-gfm-autolink-literal@https://registry.npmjs.org/micromark-extension-gfm-autolink-literal/-/micromark-extension-gfm-autolink-literal-2.1.0.tgz. Extracting by manifest.
458 silly tarball no local data for micromark-util-html-tag-name@https://registry.npmjs.org/micromark-util-html-tag-name/-/micromark-util-html-tag-name-2.0.1.tgz. Extracting by manifest.
459 silly tarball no local data for micromark-factory-title@https://registry.npmjs.org/micromark-factory-title/-/micromark-factory-title-2.0.1.tgz. Extracting by manifest.
460 silly tarball no local data for micromark-factory-whitespace@https://registry.npmjs.org/micromark-factory-whitespace/-/micromark-factory-whitespace-2.0.1.tgz. Extracting by manifest.
461 silly tarball no local data for micromark-factory-label@https://registry.npmjs.org/micromark-factory-label/-/micromark-factory-label-2.0.1.tgz. Extracting by manifest.
462 silly tarball no local data for micromark-factory-destination@https://registry.npmjs.org/micromark-factory-destination/-/micromark-factory-destination-2.0.1.tgz. Extracting by manifest.
463 silly tarball no local data for @types/ms@https://registry.npmjs.org/@types/ms/-/ms-2.1.0.tgz. Extracting by manifest.
464 silly tarball no local data for micromark-util-subtokenize@https://registry.npmjs.org/micromark-util-subtokenize/-/micromark-util-subtokenize-2.1.0.tgz. Extracting by manifest.
465 silly tarball no local data for micromark-util-sanitize-uri@https://registry.npmjs.org/micromark-util-sanitize-uri/-/micromark-util-sanitize-uri-2.0.1.tgz. Extracting by manifest.
466 silly tarball no local data for micromark-util-resolve-all@https://registry.npmjs.org/micromark-util-resolve-all/-/micromark-util-resolve-all-2.0.1.tgz. Extracting by manifest.
467 silly tarball no local data for micromark-util-encode@https://registry.npmjs.org/micromark-util-encode/-/micromark-util-encode-2.0.1.tgz. Extracting by manifest.
468 silly tarball no local data for micromark-util-combine-extensions@https://registry.npmjs.org/micromark-util-combine-extensions/-/micromark-util-combine-extensions-2.0.1.tgz. Extracting by manifest.
469 silly tarball no local data for micromark-util-chunked@https://registry.npmjs.org/micromark-util-chunked/-/micromark-util-chunked-2.0.1.tgz. Extracting by manifest.
470 silly tarball no local data for micromark-factory-space@https://registry.npmjs.org/micromark-factory-space/-/micromark-factory-space-2.0.1.tgz. Extracting by manifest.
471 silly tarball no local data for micromark-core-commonmark@https://registry.npmjs.org/micromark-core-commonmark/-/micromark-core-commonmark-2.0.3.tgz. Extracting by manifest.
472 silly tarball no local data for @types/debug@https://registry.npmjs.org/@types/debug/-/debug-4.1.12.tgz. Extracting by manifest.
473 silly tarball no local data for zwitch@https://registry.npmjs.org/zwitch/-/zwitch-2.0.4.tgz. Extracting by manifest.
474 silly tarball no local data for micromark-extension-gfm-strikethrough@https://registry.npmjs.org/micromark-extension-gfm-strikethrough/-/micromark-extension-gfm-strikethrough-2.1.0.tgz. Extracting by manifest.
475 silly tarball no local data for micromark-util-classify-character@https://registry.npmjs.org/micromark-util-classify-character/-/micromark-util-classify-character-2.0.1.tgz. Extracting by manifest.
476 silly tarball no local data for mdast-util-phrasing@https://registry.npmjs.org/mdast-util-phrasing/-/mdast-util-phrasing-4.1.0.tgz. Extracting by manifest.
477 silly tarball no local data for unist-util-is@https://registry.npmjs.org/unist-util-is/-/unist-util-is-6.0.1.tgz. Extracting by manifest.
478 silly tarball no local data for longest-streak@https://registry.npmjs.org/longest-streak/-/longest-streak-3.1.0.tgz. Extracting by manifest.
479 silly tarball no local data for markdown-table@https://registry.npmjs.org/markdown-table/-/markdown-table-3.0.4.tgz. Extracting by manifest.
480 silly tarball no local data for micromark-util-character@https://registry.npmjs.org/micromark-util-character/-/micromark-util-character-2.1.1.tgz. Extracting by manifest.
481 silly tarball no local data for mdast-util-find-and-replace@https://registry.npmjs.org/mdast-util-find-and-replace/-/mdast-util-find-and-replace-3.0.2.tgz. Extracting by manifest.
482 silly tarball no local data for ccount@https://registry.npmjs.org/ccount/-/ccount-2.0.1.tgz. Extracting by manifest.
483 silly tarball no local data for dequal@https://registry.npmjs.org/dequal/-/dequal-2.0.3.tgz. Extracting by manifest.
484 silly tarball no local data for character-entities@https://registry.npmjs.org/character-entities/-/character-entities-2.0.2.tgz. Extracting by manifest.
485 silly tarball no local data for unist-util-stringify-position@https://registry.npmjs.org/unist-util-stringify-position/-/unist-util-stringify-position-4.0.0.tgz. Extracting by manifest.
486 silly tarball no local data for micromark-util-types@https://registry.npmjs.org/micromark-util-types/-/micromark-util-types-2.0.2.tgz. Extracting by manifest.
487 silly tarball no local data for micromark-util-symbol@https://registry.npmjs.org/micromark-util-symbol/-/micromark-util-symbol-2.0.1.tgz. Extracting by manifest.
488 silly tarball no local data for micromark-util-normalize-identifier@https://registry.npmjs.org/micromark-util-normalize-identifier/-/micromark-util-normalize-identifier-2.0.1.tgz. Extracting by manifest.
489 silly tarball no local data for micromark-util-decode-string@https://registry.npmjs.org/micromark-util-decode-string/-/micromark-util-decode-string-2.0.1.tgz. Extracting by manifest.
490 silly tarball no local data for micromark-util-decode-numeric-character-reference@https://registry.npmjs.org/micromark-util-decode-numeric-character-reference/-/micromark-util-decode-numeric-character-reference-2.0.2.tgz. Extracting by manifest.
491 silly tarball no local data for micromark@https://registry.npmjs.org/micromark/-/micromark-4.0.2.tgz. Extracting by manifest.
492 silly tarball no local data for mdast-util-to-string@https://registry.npmjs.org/mdast-util-to-string/-/mdast-util-to-string-4.0.0.tgz. Extracting by manifest.
493 silly tarball no local data for devlop@https://registry.npmjs.org/devlop/-/devlop-1.1.0.tgz. Extracting by manifest.
494 silly tarball no local data for decode-named-character-reference@https://registry.npmjs.org/decode-named-character-reference/-/decode-named-character-reference-1.2.0.tgz. Extracting by manifest.
495 silly tarball no local data for mdast-util-to-markdown@https://registry.npmjs.org/mdast-util-to-markdown/-/mdast-util-to-markdown-2.1.2.tgz. Extracting by manifest.
496 silly tarball no local data for mdast-util-gfm-task-list-item@https://registry.npmjs.org/mdast-util-gfm-task-list-item/-/mdast-util-gfm-task-list-item-2.0.0.tgz. Extracting by manifest.
497 silly tarball no local data for mdast-util-gfm-table@https://registry.npmjs.org/mdast-util-gfm-table/-/mdast-util-gfm-table-2.0.0.tgz. Extracting by manifest.
498 silly tarball no local data for mdast-util-gfm-strikethrough@https://registry.npmjs.org/mdast-util-gfm-strikethrough/-/mdast-util-gfm-strikethrough-2.0.0.tgz. Extracting by manifest.
499 silly tarball no local data for mdast-util-gfm-footnote@https://registry.npmjs.org/mdast-util-gfm-footnote/-/mdast-util-gfm-footnote-2.1.0.tgz. Extracting by manifest.
500 silly tarball no local data for mdast-util-gfm-autolink-literal@https://registry.npmjs.org/mdast-util-gfm-autolink-literal/-/mdast-util-gfm-autolink-literal-2.0.1.tgz. Extracting by manifest.
501 silly tarball no local data for mdast-util-from-markdown@https://registry.npmjs.org/mdast-util-from-markdown/-/mdast-util-from-markdown-2.0.2.tgz. Extracting by manifest.
502 silly tarball no local data for remark-stringify@https://registry.npmjs.org/remark-stringify/-/remark-stringify-11.0.0.tgz. Extracting by manifest.
503 silly tarball no local data for micromark-extension-gfm@https://registry.npmjs.org/micromark-extension-gfm/-/micromark-extension-gfm-3.0.0.tgz. Extracting by manifest.
504 silly tarball no local data for mdast-util-gfm@https://registry.npmjs.org/mdast-util-gfm/-/mdast-util-gfm-3.1.0.tgz. Extracting by manifest.
505 silly tarball no local data for unist-util-visit-parents@https://registry.npmjs.org/unist-util-visit-parents/-/unist-util-visit-parents-6.0.2.tgz. Extracting by manifest.
506 silly tarball no local data for @types/unist@https://registry.npmjs.org/@types/unist/-/unist-3.0.3.tgz. Extracting by manifest.
507 silly tarball no local data for unified@https://registry.npmjs.org/unified/-/unified-11.0.5.tgz. Extracting by manifest.
508 silly tarball no local data for remark-parse@https://registry.npmjs.org/remark-parse/-/remark-parse-11.0.0.tgz. Extracting by manifest.
509 silly tarball no local data for remark-gfm@https://registry.npmjs.org/remark-gfm/-/remark-gfm-4.0.1.tgz. Extracting by manifest.
510 silly tarball no local data for unist-util-visit@https://registry.npmjs.org/unist-util-visit/-/unist-util-visit-5.0.0.tgz. Extracting by manifest.
511 silly tarball no local data for @types/mdast@https://registry.npmjs.org/@types/mdast/-/mdast-4.0.4.tgz. Extracting by manifest.
512 silly tarball no local data for escape-string-regexp@https://registry.npmjs.org/escape-string-regexp/-/escape-string-regexp-5.0.0.tgz. Extracting by manifest.
513 http fetch GET 200 https://registry.npmjs.org/is-plain-obj/-/is-plain-obj-4.1.0.tgz 139ms (cache miss)
514 http fetch GET 200 https://registry.npmjs.org/vfile-message/-/vfile-message-4.0.3.tgz 158ms (cache miss)
515 http fetch GET 200 https://registry.npmjs.org/bail/-/bail-2.0.2.tgz 155ms (cache miss)
516 http fetch GET 200 https://registry.npmjs.org/micromark-extension-gfm-tagfilter/-/micromark-extension-gfm-tagfilter-2.0.0.tgz 156ms (cache miss)
517 http fetch GET 200 https://registry.npmjs.org/extend/-/extend-3.0.2.tgz 161ms (cache miss)
518 http fetch GET 200 https://registry.npmjs.org/micromark-util-html-tag-name/-/micromark-util-html-tag-name-2.0.1.tgz 160ms (cache miss)
519 http fetch GET 200 https://registry.npmjs.org/@types/ms/-/ms-2.1.0.tgz 163ms (cache miss)
520 http fetch GET 200 https://registry.npmjs.org/micromark-factory-label/-/micromark-factory-label-2.0.1.tgz 167ms (cache miss)
521 http fetch GET 200 https://registry.npmjs.org/micromark-util-chunked/-/micromark-util-chunked-2.0.1.tgz 165ms (cache miss)
522 http fetch GET 200 https://registry.npmjs.org/trough/-/trough-2.2.0.tgz 175ms (cache miss)
523 http fetch GET 200 https://registry.npmjs.org/micromark-util-resolve-all/-/micromark-util-resolve-all-2.0.1.tgz 167ms (cache miss)
524 http fetch GET 200 https://registry.npmjs.org/micromark-util-sanitize-uri/-/micromark-util-sanitize-uri-2.0.1.tgz 170ms (cache miss)
525 http fetch GET 200 https://registry.npmjs.org/micromark-util-combine-extensions/-/micromark-util-combine-extensions-2.0.1.tgz 171ms (cache miss)
526 http fetch GET 200 https://registry.npmjs.org/micromark-factory-destination/-/micromark-factory-destination-2.0.1.tgz 181ms (cache miss)
527 http fetch GET 200 https://registry.npmjs.org/micromark-extension-gfm-task-list-item/-/micromark-extension-gfm-task-list-item-2.1.0.tgz 186ms (cache miss)
528 http fetch GET 200 https://registry.npmjs.org/micromark-util-encode/-/micromark-util-encode-2.0.1.tgz 182ms (cache miss)
529 http fetch GET 200 https://registry.npmjs.org/micromark-extension-gfm-footnote/-/micromark-extension-gfm-footnote-2.1.0.tgz 187ms (cache miss)
530 http fetch GET 200 https://registry.npmjs.org/micromark-extension-gfm-autolink-literal/-/micromark-extension-gfm-autolink-literal-2.1.0.tgz 188ms (cache miss)
531 http fetch POST 200 https://registry.npmjs.org/-/npm/v1/security/advisories/bulk 249ms
532 silly audit report {}
533 http fetch GET 200 https://registry.npmjs.org/micromark-util-subtokenize/-/micromark-util-subtokenize-2.1.0.tgz 252ms (cache miss)
534 http fetch GET 200 https://registry.npmjs.org/unist-util-is/-/unist-util-is-6.0.1.tgz 275ms (cache miss)
535 http fetch GET 200 https://registry.npmjs.org/micromark-extension-gfm-strikethrough/-/micromark-extension-gfm-strikethrough-2.1.0.tgz 282ms (cache miss)
536 http fetch GET 200 https://registry.npmjs.org/micromark-util-classify-character/-/micromark-util-classify-character-2.0.1.tgz 283ms (cache miss)
537 http fetch GET 200 https://registry.npmjs.org/@types/debug/-/debug-4.1.12.tgz 290ms (cache miss)
538 http fetch GET 200 https://registry.npmjs.org/longest-streak/-/longest-streak-3.1.0.tgz 289ms (cache miss)
539 http fetch GET 200 https://registry.npmjs.org/mdast-util-phrasing/-/mdast-util-phrasing-4.1.0.tgz 294ms (cache miss)
540 http fetch GET 200 https://registry.npmjs.org/micromark-factory-whitespace/-/micromark-factory-whitespace-2.0.1.tgz 300ms (cache miss)
541 http fetch GET 200 https://registry.npmjs.org/micromark-factory-space/-/micromark-factory-space-2.0.1.tgz 297ms (cache miss)
542 http fetch GET 200 https://registry.npmjs.org/micromark-util-character/-/micromark-util-character-2.1.1.tgz 296ms (cache miss)
543 http fetch GET 200 https://registry.npmjs.org/ccount/-/ccount-2.0.1.tgz 298ms (cache miss)
544 http fetch GET 200 https://registry.npmjs.org/zwitch/-/zwitch-2.0.4.tgz 303ms (cache miss)
545 http fetch GET 200 https://registry.npmjs.org/markdown-table/-/markdown-table-3.0.4.tgz 300ms (cache miss)
546 http fetch GET 200 https://registry.npmjs.org/vfile/-/vfile-6.0.3.tgz 349ms (cache miss)
547 http fetch GET 200 https://registry.npmjs.org/mdast-util-find-and-replace/-/mdast-util-find-and-replace-3.0.2.tgz 353ms (cache miss)
548 http fetch GET 200 https://registry.npmjs.org/micromark-factory-title/-/micromark-factory-title-2.0.1.tgz 366ms (cache miss)
549 http fetch GET 200 https://registry.npmjs.org/unist-util-stringify-position/-/unist-util-stringify-position-4.0.0.tgz 359ms (cache miss)
550 http fetch GET 200 https://registry.npmjs.org/micromark-util-decode-string/-/micromark-util-decode-string-2.0.1.tgz 367ms (cache miss)
551 http fetch GET 200 https://registry.npmjs.org/mdast-util-to-string/-/mdast-util-to-string-4.0.0.tgz 366ms (cache miss)
552 http fetch GET 200 https://registry.npmjs.org/dequal/-/dequal-2.0.3.tgz 375ms (cache miss)
553 http fetch GET 200 https://registry.npmjs.org/decode-named-character-reference/-/decode-named-character-reference-1.2.0.tgz 371ms (cache miss)
554 http fetch GET 200 https://registry.npmjs.org/micromark-util-normalize-identifier/-/micromark-util-normalize-identifier-2.0.1.tgz 377ms (cache miss)
555 http fetch GET 200 https://registry.npmjs.org/devlop/-/devlop-1.1.0.tgz 376ms (cache miss)
556 http fetch GET 200 https://registry.npmjs.org/micromark-util-decode-numeric-character-reference/-/micromark-util-decode-numeric-character-reference-2.0.2.tgz 377ms (cache miss)
557 http fetch GET 200 https://registry.npmjs.org/mdast-util-gfm-task-list-item/-/mdast-util-gfm-task-list-item-2.0.0.tgz 378ms (cache miss)
558 http fetch GET 200 https://registry.npmjs.org/character-entities/-/character-entities-2.0.2.tgz 391ms (cache miss)
559 http fetch GET 200 https://registry.npmjs.org/micromark-extension-gfm-table/-/micromark-extension-gfm-table-2.1.1.tgz 410ms (cache miss)
560 http fetch GET 200 https://registry.npmjs.org/mdast-util-gfm-strikethrough/-/mdast-util-gfm-strikethrough-2.0.0.tgz 394ms (cache miss)
561 http fetch GET 200 https://registry.npmjs.org/micromark-util-types/-/micromark-util-types-2.0.2.tgz 400ms (cache miss)
562 http fetch GET 200 https://registry.npmjs.org/mdast-util-gfm-autolink-literal/-/mdast-util-gfm-autolink-literal-2.0.1.tgz 395ms (cache miss)
563 http fetch GET 200 https://registry.npmjs.org/remark-stringify/-/remark-stringify-11.0.0.tgz 395ms (cache miss)
564 http fetch GET 200 https://registry.npmjs.org/mdast-util-gfm/-/mdast-util-gfm-3.1.0.tgz 396ms (cache miss)
565 http fetch GET 200 https://registry.npmjs.org/remark-parse/-/remark-parse-11.0.0.tgz 397ms (cache miss)
566 http fetch GET 200 https://registry.npmjs.org/micromark-extension-gfm/-/micromark-extension-gfm-3.0.0.tgz 401ms (cache miss)
567 http fetch GET 200 https://registry.npmjs.org/remark-gfm/-/remark-gfm-4.0.1.tgz 399ms (cache miss)
568 http fetch GET 200 https://registry.npmjs.org/@types/unist/-/unist-3.0.3.tgz 402ms (cache miss)
569 http fetch GET 200 https://registry.npmjs.org/mdast-util-gfm-footnote/-/mdast-util-gfm-footnote-2.1.0.tgz 405ms (cache miss)
570 http fetch GET 200 https://registry.npmjs.org/unist-util-visit/-/unist-util-visit-5.0.0.tgz 402ms (cache miss)
571 http fetch GET 200 https://registry.npmjs.org/escape-string-regexp/-/escape-string-regexp-5.0.0.tgz 403ms (cache miss)
572 http fetch GET 200 https://registry.npmjs.org/@types/mdast/-/mdast-4.0.4.tgz 405ms (cache miss)
573 http fetch GET 200 https://registry.npmjs.org/mdast-util-gfm-table/-/mdast-util-gfm-table-2.0.0.tgz 412ms (cache miss)
574 http fetch GET 200 https://registry.npmjs.org/unist-util-visit-parents/-/unist-util-visit-parents-6.0.2.tgz 422ms (cache miss)
575 http fetch GET 200 https://registry.npmjs.org/unified/-/unified-11.0.5.tgz 423ms (cache miss)
576 http fetch GET 200 https://registry.npmjs.org/micromark-util-symbol/-/micromark-util-symbol-2.0.1.tgz 431ms (cache miss)
577 http fetch GET 200 https://registry.npmjs.org/mdast-util-from-markdown/-/mdast-util-from-markdown-2.0.2.tgz 431ms (cache miss)
578 http fetch GET 200 https://registry.npmjs.org/micromark/-/micromark-4.0.2.tgz 501ms (cache miss)
579 http fetch GET 200 https://registry.npmjs.org/micromark-core-commonmark/-/micromark-core-commonmark-2.0.3.tgz 536ms (cache miss)
580 http fetch GET 200 https://registry.npmjs.org/mdast-util-to-markdown/-/mdast-util-to-markdown-2.1.2.tgz 551ms (cache miss)
581 silly ADD node_modules/vfile-message
582 silly ADD node_modules/vfile
583 silly ADD node_modules/trough
584 silly ADD node_modules/is-plain-obj
585 silly ADD node_modules/extend
586 silly ADD node_modules/bail
587 silly ADD node_modules/micromark-extension-gfm-task-list-item
588 silly ADD node_modules/micromark-extension-gfm-tagfilter
589 silly ADD node_modules/micromark-extension-gfm-table
590 silly ADD node_modules/micromark-extension-gfm-strikethrough
591 silly ADD node_modules/micromark-extension-gfm-footnote
592 silly ADD node_modules/micromark-extension-gfm-autolink-literal
593 silly ADD node_modules/micromark-util-html-tag-name
594 silly ADD node_modules/micromark-factory-whitespace
595 silly ADD node_modules/micromark-factory-title
596 silly ADD node_modules/micromark-factory-label
597 silly ADD node_modules/micromark-factory-destination
598 silly ADD node_modules/@types/ms
599 silly ADD node_modules/micromark-util-subtokenize
600 silly ADD node_modules/micromark-util-sanitize-uri
601 silly ADD node_modules/micromark-util-resolve-all
602 silly ADD node_modules/micromark-util-encode
603 silly ADD node_modules/micromark-util-combine-extensions
604 silly ADD node_modules/micromark-util-chunked
605 silly ADD node_modules/micromark-factory-space
606 silly ADD node_modules/micromark-core-commonmark
607 silly ADD node_modules/@types/debug
608 silly ADD node_modules/zwitch
609 silly ADD node_modules/micromark-util-classify-character
610 silly ADD node_modules/mdast-util-phrasing
611 silly ADD node_modules/longest-streak
612 silly ADD node_modules/markdown-table
613 silly ADD node_modules/unist-util-visit-parents
614 silly ADD node_modules/unist-util-is
615 silly ADD node_modules/micromark-util-character
616 silly ADD node_modules/mdast-util-find-and-replace
617 silly ADD node_modules/mdast-util-find-and-replace/node_modules/escape-string-regexp
618 silly ADD node_modules/ccount
619 silly ADD node_modules/dequal
620 silly ADD node_modules/character-entities
621 silly ADD node_modules/unist-util-stringify-position
622 silly ADD node_modules/micromark-util-types
623 silly ADD node_modules/micromark-util-symbol
624 silly ADD node_modules/micromark-util-normalize-identifier
625 silly ADD node_modules/micromark-util-decode-string
626 silly ADD node_modules/micromark-util-decode-numeric-character-reference
627 silly ADD node_modules/micromark
628 silly ADD node_modules/mdast-util-to-string
629 silly ADD node_modules/devlop
630 silly ADD node_modules/decode-named-character-reference
631 silly ADD node_modules/mdast-util-to-markdown
632 silly ADD node_modules/mdast-util-gfm-task-list-item
633 silly ADD node_modules/mdast-util-gfm-table
634 silly ADD node_modules/mdast-util-gfm-strikethrough
635 silly ADD node_modules/mdast-util-gfm-footnote
636 silly ADD node_modules/mdast-util-gfm-autolink-literal
637 silly ADD node_modules/mdast-util-from-markdown
638 silly ADD node_modules/remark-stringify
639 silly ADD node_modules/micromark-extension-gfm
640 silly ADD node_modules/mdast-util-gfm
641 silly ADD node_modules/@types/unist
642 silly ADD node_modules/unist-util-visit
643 silly ADD node_modules/unified
644 silly ADD node_modules/remark-parse
645 silly ADD node_modules/remark-gfm
646 silly ADD node_modules/@types/mdast
647 verbose cwd /home/marcel/src/projektbezkodu
648 verbose os Linux 6.6.87.2-microsoft-standard-WSL2
649 verbose node v24.11.0
650 verbose npm  v11.6.1
651 verbose exit 0
652 info ok
